[2024-11-28 13:43:59] local.ERROR: syntax error, unexpected token "use" {"exception":"[object] (ParseError(code: 0): syntax error, unexpected token \"use\" at D:\\Kuliah\\Semester 3\\Modul 12\\modul12\\routes\\web.php:3)
[stacktrace]
#0 D:\\Kuliah\\Semester 3\\Modul 12\\modul12\\vendor\\laravel\\framework\\src\\Illuminate\\Routing\\Router.php(511): Illuminate\\Routing\\RouteFileRegistrar->register('D:\\\\Kuliah\\\\Semes...')
#1 D:\\Kuliah\\Semester 3\\Modul 12\\modul12\\vendor\\laravel\\framework\\src\\Illuminate\\Routing\\Router.php(465): Illuminate\\Routing\\Router->loadRoutes('D:\\\\Kuliah\\\\Semes...')
#2 D:\\Kuliah\\Semester 3\\Modul 12\\modul12\\vendor\\laravel\\framework\\src\\Illuminate\\Routing\\RouteRegistrar.php(194): Illuminate\\Routing\\Router->group(Array, 'D:\\\\Kuliah\\\\Semes...')
#3 D:\\Kuliah\\Semester 3\\Modul 12\\modul12\\app\\Providers\\RouteServiceProvider.php(35): Illuminate\\Routing\\RouteRegistrar->group('D:\\\\Kuliah\\\\Semes...')
#4 D:\\Kuliah\\Semester 3\\Modul 12\\modul12\\vendor\\laravel\\framework\\src\\Illuminate\\Container\\BoundMethod.php(36): App\\Providers\\RouteServiceProvider->App\\Providers\\{closure}()
#5 D:\\Kuliah\\Semester 3\\Modul 12\\modul12\\vendor\\laravel\\framework\\src\\Illuminate\\Container\\Util.php(41): Illuminate\\Container\\BoundMethod::Illuminate\\Container\\{closure}()
#6 D:\\Kuliah\\Semester 3\\Modul 12\\modul12\\vendor\\laravel\\framework\\src\\Illuminate\\Container\\BoundMethod.php(81): Illuminate\\Container\\Util::unwrapIfClosure(Object(Closure))
#7 D:\\Kuliah\\Semester 3\\Modul 12\\modul12\\vendor\\laravel\\framework\\src\\Illuminate\\Container\\BoundMethod.php(35): Illuminate\\Container\\BoundMethod::callBoundMethod(Object(Illuminate\\Foundation\\Application), Object(Closure), Object(Closure))
#8 D:\\Kuliah\\Semester 3\\Modul 12\\modul12\\vendor\\laravel\\framework\\src\\Illuminate\\Container\\Container.php(662): Illuminate\\Container\\BoundMethod::call(Object(Illuminate\\Foundation\\Application), Object(Closure), Array, NULL)
#9 D:\\Kuliah\\Semester 3\\Modul 12\\modul12\\vendor\\laravel\\framework\\src\\Illuminate\\Foundation\\Support\\Providers\\RouteServiceProvider.php(120): Illuminate\\Container\\Container->call(Object(Closure))
#10 D:\\Kuliah\\Semester 3\\Modul 12\\modul12\\vendor\\laravel\\framework\\src\\Illuminate\\Foundation\\Support\\Providers\\RouteServiceProvider.php(45): Illuminate\\Foundation\\Support\\Providers\\RouteServiceProvider->loadRoutes()
#11 D:\\Kuliah\\Semester 3\\Modul 12\\modul12\\vendor\\laravel\\framework\\src\\Illuminate\\Container\\BoundMethod.php(36): Illuminate\\Foundation\\Support\\Providers\\RouteServiceProvider->Illuminate\\Foundation\\Support\\Providers\\{closure}()
#12 D:\\Kuliah\\Semester 3\\Modul 12\\modul12\\vendor\\laravel\\framework\\src\\Illuminate\\Container\\Util.php(41): Illuminate\\Container\\BoundMethod::Illuminate\\Container\\{closure}()
#13 D:\\Kuliah\\Semester 3\\Modul 12\\modul12\\vendor\\laravel\\framework\\src\\Illuminate\\Container\\BoundMethod.php(81): Illuminate\\Container\\Util::unwrapIfClosure(Object(Closure))
#14 D:\\Kuliah\\Semester 3\\Modul 12\\modul12\\vendor\\laravel\\framework\\src\\Illuminate\\Container\\BoundMethod.php(35): Illuminate\\Container\\BoundMethod::callBoundMethod(Object(Illuminate\\Foundation\\Application), Object(Closure), Object(Closure))
#15 D:\\Kuliah\\Semester 3\\Modul 12\\modul12\\vendor\\laravel\\framework\\src\\Illuminate\\Container\\Container.php(662): Illuminate\\Container\\BoundMethod::call(Object(Illuminate\\Foundation\\Application), Object(Closure), Array, NULL)
#16 D:\\Kuliah\\Semester 3\\Modul 12\\modul12\\vendor\\laravel\\framework\\src\\Illuminate\\Support\\ServiceProvider.php(119): Illuminate\\Container\\Container->call(Object(Closure))
#17 D:\\Kuliah\\Semester 3\\Modul 12\\modul12\\vendor\\laravel\\framework\\src\\Illuminate\\Foundation\\Application.php(1039): Illuminate\\Support\\ServiceProvider->callBootedCallbacks()
#18 D:\\Kuliah\\Semester 3\\Modul 12\\modul12\\vendor\\laravel\\framework\\src\\Illuminate\\Foundation\\Application.php(1017): Illuminate\\Foundation\\Application->bootProvider(Object(App\\Providers\\RouteServiceProvider))
#19 [internal function]: Illuminate\\Foundation\\Application->Illuminate\\Foundation\\{closure}(Object(App\\Providers\\RouteServiceProvider), 24)
#20 D:\\Kuliah\\Semester 3\\Modul 12\\modul12\\vendor\\laravel\\framework\\src\\Illuminate\\Foundation\\Application.php(1016): array_walk(Array, Object(Closure))
#21 D:\\Kuliah\\Semester 3\\Modul 12\\modul12\\vendor\\laravel\\framework\\src\\Illuminate\\Foundation\\Bootstrap\\BootProviders.php(17): Illuminate\\Foundation\\Application->boot()
#22 D:\\Kuliah\\Semester 3\\Modul 12\\modul12\\vendor\\laravel\\framework\\src\\Illuminate\\Foundation\\Application.php(263): Illuminate\\Foundation\\Bootstrap\\BootProviders->bootstrap(Object(Illuminate\\Foundation\\Application))
#23 D:\\Kuliah\\Semester 3\\Modul 12\\modul12\\vendor\\laravel\\framework\\src\\Illuminate\\Foundation\\Http\\Kernel.php(186): Illuminate\\Foundation\\Application->bootstrapWith(Array)
#24 D:\\Kuliah\\Semester 3\\Modul 12\\modul12\\vendor\\laravel\\framework\\src\\Illuminate\\Foundation\\Http\\Kernel.php(170): Illuminate\\Foundation\\Http\\Kernel->bootstrap()
#25 D:\\Kuliah\\Semester 3\\Modul 12\\modul12\\vendor\\laravel\\framework\\src\\Illuminate\\Foundation\\Http\\Kernel.php(144): Illuminate\\Foundation\\Http\\Kernel->sendRequestThroughRouter(Object(Illuminate\\Http\\Request))
#26 D:\\Kuliah\\Semester 3\\Modul 12\\modul12\\public\\index.php(51): Illuminate\\Foundation\\Http\\Kernel->handle(Object(Illuminate\\Http\\Request))
#27 D:\\Kuliah\\Semester 3\\Modul 12\\modul12\\vendor\\laravel\\framework\\src\\Illuminate\\Foundation\\resources\\server.php(16): require_once('D:\\\\Kuliah\\\\Semes...')
#28 {main}
"} 
[2024-11-28 13:54:26] local.ERROR: Invalid route action: [ProfileController]. {"exception":"[object] (UnexpectedValueException(code: 0): Invalid route action: [ProfileController]. at D:\\Kuliah\\Semester 3\\Modul 12\\modul12\\vendor\\laravel\\framework\\src\\Illuminate\\Routing\\RouteAction.php:92)
[stacktrace]
#0 D:\\Kuliah\\Semester 3\\Modul 12\\modul12\\vendor\\laravel\\framework\\src\\Illuminate\\Routing\\RouteAction.php(47): Illuminate\\Routing\\RouteAction::makeInvokable('ProfileControll...')
#1 D:\\Kuliah\\Semester 3\\Modul 12\\modul12\\vendor\\laravel\\framework\\src\\Illuminate\\Routing\\Route.php(191): Illuminate\\Routing\\RouteAction::parse('profile', Array)
#2 D:\\Kuliah\\Semester 3\\Modul 12\\modul12\\vendor\\laravel\\framework\\src\\Illuminate\\Routing\\Route.php(172): Illuminate\\Routing\\Route->parseAction(Array)
#3 D:\\Kuliah\\Semester 3\\Modul 12\\modul12\\vendor\\laravel\\framework\\src\\Illuminate\\Routing\\Router.php(669): Illuminate\\Routing\\Route->__construct(Array, 'profile', Array)
#4 D:\\Kuliah\\Semester 3\\Modul 12\\modul12\\vendor\\laravel\\framework\\src\\Illuminate\\Routing\\Router.php(561): Illuminate\\Routing\\Router->newRoute(Array, 'profile', Array)
#5 D:\\Kuliah\\Semester 3\\Modul 12\\modul12\\vendor\\laravel\\framework\\src\\Illuminate\\Routing\\Router.php(541): Illuminate\\Routing\\Router->createRoute(Array, 'profile', Array)
#6 D:\\Kuliah\\Semester 3\\Modul 12\\modul12\\vendor\\laravel\\framework\\src\\Illuminate\\Routing\\Router.php(159): Illuminate\\Routing\\Router->addRoute(Array, 'profile', 'ProfileControll...')
#7 D:\\Kuliah\\Semester 3\\Modul 12\\modul12\\vendor\\laravel\\framework\\src\\Illuminate\\Support\\Facades\\Facade.php(355): Illuminate\\Routing\\Router->get('profile', 'ProfileControll...')
#8 D:\\Kuliah\\Semester 3\\Modul 12\\modul12\\routes\\web.php(24): Illuminate\\Support\\Facades\\Facade::__callStatic('get', Array)
#9 D:\\Kuliah\\Semester 3\\Modul 12\\modul12\\vendor\\laravel\\framework\\src\\Illuminate\\Routing\\RouteFileRegistrar.php(35): require('D:\\\\Kuliah\\\\Semes...')
#10 D:\\Kuliah\\Semester 3\\Modul 12\\modul12\\vendor\\laravel\\framework\\src\\Illuminate\\Routing\\Router.php(511): Illuminate\\Routing\\RouteFileRegistrar->register('D:\\\\Kuliah\\\\Semes...')
#11 D:\\Kuliah\\Semester 3\\Modul 12\\modul12\\vendor\\laravel\\framework\\src\\Illuminate\\Routing\\Router.php(465): Illuminate\\Routing\\Router->loadRoutes('D:\\\\Kuliah\\\\Semes...')
#12 D:\\Kuliah\\Semester 3\\Modul 12\\modul12\\vendor\\laravel\\framework\\src\\Illuminate\\Routing\\RouteRegistrar.php(194): Illuminate\\Routing\\Router->group(Array, 'D:\\\\Kuliah\\\\Semes...')
#13 D:\\Kuliah\\Semester 3\\Modul 12\\modul12\\app\\Providers\\RouteServiceProvider.php(35): Illuminate\\Routing\\RouteRegistrar->group('D:\\\\Kuliah\\\\Semes...')
#14 D:\\Kuliah\\Semester 3\\Modul 12\\modul12\\vendor\\laravel\\framework\\src\\Illuminate\\Container\\BoundMethod.php(36): App\\Providers\\RouteServiceProvider->App\\Providers\\{closure}()
#15 D:\\Kuliah\\Semester 3\\Modul 12\\modul12\\vendor\\laravel\\framework\\src\\Illuminate\\Container\\Util.php(41): Illuminate\\Container\\BoundMethod::Illuminate\\Container\\{closure}()
#16 D:\\Kuliah\\Semester 3\\Modul 12\\modul12\\vendor\\laravel\\framework\\src\\Illuminate\\Container\\BoundMethod.php(81): Illuminate\\Container\\Util::unwrapIfClosure(Object(Closure))
#17 D:\\Kuliah\\Semester 3\\Modul 12\\modul12\\vendor\\laravel\\framework\\src\\Illuminate\\Container\\BoundMethod.php(35): Illuminate\\Container\\BoundMethod::callBoundMethod(Object(Illuminate\\Foundation\\Application), Object(Closure), Object(Closure))
#18 D:\\Kuliah\\Semester 3\\Modul 12\\modul12\\vendor\\laravel\\framework\\src\\Illuminate\\Container\\Container.php(662): Illuminate\\Container\\BoundMethod::call(Object(Illuminate\\Foundation\\Application), Object(Closure), Array, NULL)
#19 D:\\Kuliah\\Semester 3\\Modul 12\\modul12\\vendor\\laravel\\framework\\src\\Illuminate\\Foundation\\Support\\Providers\\RouteServiceProvider.php(120): Illuminate\\Container\\Container->call(Object(Closure))
#20 D:\\Kuliah\\Semester 3\\Modul 12\\modul12\\vendor\\laravel\\framework\\src\\Illuminate\\Foundation\\Support\\Providers\\RouteServiceProvider.php(45): Illuminate\\Foundation\\Support\\Providers\\RouteServiceProvider->loadRoutes()
#21 D:\\Kuliah\\Semester 3\\Modul 12\\modul12\\vendor\\laravel\\framework\\src\\Illuminate\\Container\\BoundMethod.php(36): Illuminate\\Foundation\\Support\\Providers\\RouteServiceProvider->Illuminate\\Foundation\\Support\\Providers\\{closure}()
#22 D:\\Kuliah\\Semester 3\\Modul 12\\modul12\\vendor\\laravel\\framework\\src\\Illuminate\\Container\\Util.php(41): Illuminate\\Container\\BoundMethod::Illuminate\\Container\\{closure}()
#23 D:\\Kuliah\\Semester 3\\Modul 12\\modul12\\vendor\\laravel\\framework\\src\\Illuminate\\Container\\BoundMethod.php(81): Illuminate\\Container\\Util::unwrapIfClosure(Object(Closure))
#24 D:\\Kuliah\\Semester 3\\Modul 12\\modul12\\vendor\\laravel\\framework\\src\\Illuminate\\Container\\BoundMethod.php(35): Illuminate\\Container\\BoundMethod::callBoundMethod(Object(Illuminate\\Foundation\\Application), Object(Closure), Object(Closure))
#25 D:\\Kuliah\\Semester 3\\Modul 12\\modul12\\vendor\\laravel\\framework\\src\\Illuminate\\Container\\Container.php(662): Illuminate\\Container\\BoundMethod::call(Object(Illuminate\\Foundation\\Application), Object(Closure), Array, NULL)
#26 D:\\Kuliah\\Semester 3\\Modul 12\\modul12\\vendor\\laravel\\framework\\src\\Illuminate\\Support\\ServiceProvider.php(119): Illuminate\\Container\\Container->call(Object(Closure))
#27 D:\\Kuliah\\Semester 3\\Modul 12\\modul12\\vendor\\laravel\\framework\\src\\Illuminate\\Foundation\\Application.php(1039): Illuminate\\Support\\ServiceProvider->callBootedCallbacks()
#28 D:\\Kuliah\\Semester 3\\Modul 12\\modul12\\vendor\\laravel\\framework\\src\\Illuminate\\Foundation\\Application.php(1017): Illuminate\\Foundation\\Application->bootProvider(Object(App\\Providers\\RouteServiceProvider))
#29 [internal function]: Illuminate\\Foundation\\Application->Illuminate\\Foundation\\{closure}(Object(App\\Providers\\RouteServiceProvider), 24)
#30 D:\\Kuliah\\Semester 3\\Modul 12\\modul12\\vendor\\laravel\\framework\\src\\Illuminate\\Foundation\\Application.php(1016): array_walk(Array, Object(Closure))
#31 D:\\Kuliah\\Semester 3\\Modul 12\\modul12\\vendor\\laravel\\framework\\src\\Illuminate\\Foundation\\Bootstrap\\BootProviders.php(17): Illuminate\\Foundation\\Application->boot()
#32 D:\\Kuliah\\Semester 3\\Modul 12\\modul12\\vendor\\laravel\\framework\\src\\Illuminate\\Foundation\\Application.php(263): Illuminate\\Foundation\\Bootstrap\\BootProviders->bootstrap(Object(Illuminate\\Foundation\\Application))
#33 D:\\Kuliah\\Semester 3\\Modul 12\\modul12\\vendor\\laravel\\framework\\src\\Illuminate\\Foundation\\Http\\Kernel.php(186): Illuminate\\Foundation\\Application->bootstrapWith(Array)
#34 D:\\Kuliah\\Semester 3\\Modul 12\\modul12\\vendor\\laravel\\framework\\src\\Illuminate\\Foundation\\Http\\Kernel.php(170): Illuminate\\Foundation\\Http\\Kernel->bootstrap()
#35 D:\\Kuliah\\Semester 3\\Modul 12\\modul12\\vendor\\laravel\\framework\\src\\Illuminate\\Foundation\\Http\\Kernel.php(144): Illuminate\\Foundation\\Http\\Kernel->sendRequestThroughRouter(Object(Illuminate\\Http\\Request))
#36 D:\\Kuliah\\Semester 3\\Modul 12\\modul12\\public\\index.php(51): Illuminate\\Foundation\\Http\\Kernel->handle(Object(Illuminate\\Http\\Request))
#37 D:\\Kuliah\\Semester 3\\Modul 12\\modul12\\vendor\\laravel\\framework\\src\\Illuminate\\Foundation\\resources\\server.php(16): require_once('D:\\\\Kuliah\\\\Semes...')
#38 {main}
"} 
[2024-11-28 13:54:37] local.ERROR: Invalid route action: [ProfileController]. {"exception":"[object] (UnexpectedValueException(code: 0): Invalid route action: [ProfileController]. at D:\\Kuliah\\Semester 3\\Modul 12\\modul12\\vendor\\laravel\\framework\\src\\Illuminate\\Routing\\RouteAction.php:92)
[stacktrace]
#0 D:\\Kuliah\\Semester 3\\Modul 12\\modul12\\vendor\\laravel\\framework\\src\\Illuminate\\Routing\\RouteAction.php(47): Illuminate\\Routing\\RouteAction::makeInvokable('ProfileControll...')
#1 D:\\Kuliah\\Semester 3\\Modul 12\\modul12\\vendor\\laravel\\framework\\src\\Illuminate\\Routing\\Route.php(191): Illuminate\\Routing\\RouteAction::parse('profile', Array)
#2 D:\\Kuliah\\Semester 3\\Modul 12\\modul12\\vendor\\laravel\\framework\\src\\Illuminate\\Routing\\Route.php(172): Illuminate\\Routing\\Route->parseAction(Array)
#3 D:\\Kuliah\\Semester 3\\Modul 12\\modul12\\vendor\\laravel\\framework\\src\\Illuminate\\Routing\\Router.php(669): Illuminate\\Routing\\Route->__construct(Array, 'profile', Array)
#4 D:\\Kuliah\\Semester 3\\Modul 12\\modul12\\vendor\\laravel\\framework\\src\\Illuminate\\Routing\\Router.php(561): Illuminate\\Routing\\Router->newRoute(Array, 'profile', Array)
#5 D:\\Kuliah\\Semester 3\\Modul 12\\modul12\\vendor\\laravel\\framework\\src\\Illuminate\\Routing\\Router.php(541): Illuminate\\Routing\\Router->createRoute(Array, 'profile', Array)
#6 D:\\Kuliah\\Semester 3\\Modul 12\\modul12\\vendor\\laravel\\framework\\src\\Illuminate\\Routing\\Router.php(159): Illuminate\\Routing\\Router->addRoute(Array, 'profile', 'ProfileControll...')
#7 D:\\Kuliah\\Semester 3\\Modul 12\\modul12\\vendor\\laravel\\framework\\src\\Illuminate\\Support\\Facades\\Facade.php(355): Illuminate\\Routing\\Router->get('profile', 'ProfileControll...')
#8 D:\\Kuliah\\Semester 3\\Modul 12\\modul12\\routes\\web.php(24): Illuminate\\Support\\Facades\\Facade::__callStatic('get', Array)
#9 D:\\Kuliah\\Semester 3\\Modul 12\\modul12\\vendor\\laravel\\framework\\src\\Illuminate\\Routing\\RouteFileRegistrar.php(35): require('D:\\\\Kuliah\\\\Semes...')
#10 D:\\Kuliah\\Semester 3\\Modul 12\\modul12\\vendor\\laravel\\framework\\src\\Illuminate\\Routing\\Router.php(511): Illuminate\\Routing\\RouteFileRegistrar->register('D:\\\\Kuliah\\\\Semes...')
#11 D:\\Kuliah\\Semester 3\\Modul 12\\modul12\\vendor\\laravel\\framework\\src\\Illuminate\\Routing\\Router.php(465): Illuminate\\Routing\\Router->loadRoutes('D:\\\\Kuliah\\\\Semes...')
#12 D:\\Kuliah\\Semester 3\\Modul 12\\modul12\\vendor\\laravel\\framework\\src\\Illuminate\\Routing\\RouteRegistrar.php(194): Illuminate\\Routing\\Router->group(Array, 'D:\\\\Kuliah\\\\Semes...')
#13 D:\\Kuliah\\Semester 3\\Modul 12\\modul12\\app\\Providers\\RouteServiceProvider.php(35): Illuminate\\Routing\\RouteRegistrar->group('D:\\\\Kuliah\\\\Semes...')
#14 D:\\Kuliah\\Semester 3\\Modul 12\\modul12\\vendor\\laravel\\framework\\src\\Illuminate\\Container\\BoundMethod.php(36): App\\Providers\\RouteServiceProvider->App\\Providers\\{closure}()
#15 D:\\Kuliah\\Semester 3\\Modul 12\\modul12\\vendor\\laravel\\framework\\src\\Illuminate\\Container\\Util.php(41): Illuminate\\Container\\BoundMethod::Illuminate\\Container\\{closure}()
#16 D:\\Kuliah\\Semester 3\\Modul 12\\modul12\\vendor\\laravel\\framework\\src\\Illuminate\\Container\\BoundMethod.php(81): Illuminate\\Container\\Util::unwrapIfClosure(Object(Closure))
#17 D:\\Kuliah\\Semester 3\\Modul 12\\modul12\\vendor\\laravel\\framework\\src\\Illuminate\\Container\\BoundMethod.php(35): Illuminate\\Container\\BoundMethod::callBoundMethod(Object(Illuminate\\Foundation\\Application), Object(Closure), Object(Closure))
#18 D:\\Kuliah\\Semester 3\\Modul 12\\modul12\\vendor\\laravel\\framework\\src\\Illuminate\\Container\\Container.php(662): Illuminate\\Container\\BoundMethod::call(Object(Illuminate\\Foundation\\Application), Object(Closure), Array, NULL)
#19 D:\\Kuliah\\Semester 3\\Modul 12\\modul12\\vendor\\laravel\\framework\\src\\Illuminate\\Foundation\\Support\\Providers\\RouteServiceProvider.php(120): Illuminate\\Container\\Container->call(Object(Closure))
#20 D:\\Kuliah\\Semester 3\\Modul 12\\modul12\\vendor\\laravel\\framework\\src\\Illuminate\\Foundation\\Support\\Providers\\RouteServiceProvider.php(45): Illuminate\\Foundation\\Support\\Providers\\RouteServiceProvider->loadRoutes()
#21 D:\\Kuliah\\Semester 3\\Modul 12\\modul12\\vendor\\laravel\\framework\\src\\Illuminate\\Container\\BoundMethod.php(36): Illuminate\\Foundation\\Support\\Providers\\RouteServiceProvider->Illuminate\\Foundation\\Support\\Providers\\{closure}()
#22 D:\\Kuliah\\Semester 3\\Modul 12\\modul12\\vendor\\laravel\\framework\\src\\Illuminate\\Container\\Util.php(41): Illuminate\\Container\\BoundMethod::Illuminate\\Container\\{closure}()
#23 D:\\Kuliah\\Semester 3\\Modul 12\\modul12\\vendor\\laravel\\framework\\src\\Illuminate\\Container\\BoundMethod.php(81): Illuminate\\Container\\Util::unwrapIfClosure(Object(Closure))
#24 D:\\Kuliah\\Semester 3\\Modul 12\\modul12\\vendor\\laravel\\framework\\src\\Illuminate\\Container\\BoundMethod.php(35): Illuminate\\Container\\BoundMethod::callBoundMethod(Object(Illuminate\\Foundation\\Application), Object(Closure), Object(Closure))
#25 D:\\Kuliah\\Semester 3\\Modul 12\\modul12\\vendor\\laravel\\framework\\src\\Illuminate\\Container\\Container.php(662): Illuminate\\Container\\BoundMethod::call(Object(Illuminate\\Foundation\\Application), Object(Closure), Array, NULL)
#26 D:\\Kuliah\\Semester 3\\Modul 12\\modul12\\vendor\\laravel\\framework\\src\\Illuminate\\Support\\ServiceProvider.php(119): Illuminate\\Container\\Container->call(Object(Closure))
#27 D:\\Kuliah\\Semester 3\\Modul 12\\modul12\\vendor\\laravel\\framework\\src\\Illuminate\\Foundation\\Application.php(1039): Illuminate\\Support\\ServiceProvider->callBootedCallbacks()
#28 D:\\Kuliah\\Semester 3\\Modul 12\\modul12\\vendor\\laravel\\framework\\src\\Illuminate\\Foundation\\Application.php(1017): Illuminate\\Foundation\\Application->bootProvider(Object(App\\Providers\\RouteServiceProvider))
#29 [internal function]: Illuminate\\Foundation\\Application->Illuminate\\Foundation\\{closure}(Object(App\\Providers\\RouteServiceProvider), 24)
#30 D:\\Kuliah\\Semester 3\\Modul 12\\modul12\\vendor\\laravel\\framework\\src\\Illuminate\\Foundation\\Application.php(1016): array_walk(Array, Object(Closure))
#31 D:\\Kuliah\\Semester 3\\Modul 12\\modul12\\vendor\\laravel\\framework\\src\\Illuminate\\Foundation\\Bootstrap\\BootProviders.php(17): Illuminate\\Foundation\\Application->boot()
#32 D:\\Kuliah\\Semester 3\\Modul 12\\modul12\\vendor\\laravel\\framework\\src\\Illuminate\\Foundation\\Application.php(263): Illuminate\\Foundation\\Bootstrap\\BootProviders->bootstrap(Object(Illuminate\\Foundation\\Application))
#33 D:\\Kuliah\\Semester 3\\Modul 12\\modul12\\vendor\\laravel\\framework\\src\\Illuminate\\Foundation\\Http\\Kernel.php(186): Illuminate\\Foundation\\Application->bootstrapWith(Array)
#34 D:\\Kuliah\\Semester 3\\Modul 12\\modul12\\vendor\\laravel\\framework\\src\\Illuminate\\Foundation\\Http\\Kernel.php(170): Illuminate\\Foundation\\Http\\Kernel->bootstrap()
#35 D:\\Kuliah\\Semester 3\\Modul 12\\modul12\\vendor\\laravel\\framework\\src\\Illuminate\\Foundation\\Http\\Kernel.php(144): Illuminate\\Foundation\\Http\\Kernel->sendRequestThroughRouter(Object(Illuminate\\Http\\Request))
#36 D:\\Kuliah\\Semester 3\\Modul 12\\modul12\\public\\index.php(51): Illuminate\\Foundation\\Http\\Kernel->handle(Object(Illuminate\\Http\\Request))
#37 D:\\Kuliah\\Semester 3\\Modul 12\\modul12\\vendor\\laravel\\framework\\src\\Illuminate\\Foundation\\resources\\server.php(16): require_once('D:\\\\Kuliah\\\\Semes...')
#38 {main}
"} 
[2024-11-28 13:54:48] local.ERROR: syntax error, unexpected token "class" {"exception":"[object] (ParseError(code: 0): syntax error, unexpected token \"class\" at D:\\Kuliah\\Semester 3\\Modul 12\\modul12\\routes\\web.php:24)
[stacktrace]
#0 D:\\Kuliah\\Semester 3\\Modul 12\\modul12\\vendor\\laravel\\framework\\src\\Illuminate\\Routing\\Router.php(511): Illuminate\\Routing\\RouteFileRegistrar->register('D:\\\\Kuliah\\\\Semes...')
#1 D:\\Kuliah\\Semester 3\\Modul 12\\modul12\\vendor\\laravel\\framework\\src\\Illuminate\\Routing\\Router.php(465): Illuminate\\Routing\\Router->loadRoutes('D:\\\\Kuliah\\\\Semes...')
#2 D:\\Kuliah\\Semester 3\\Modul 12\\modul12\\vendor\\laravel\\framework\\src\\Illuminate\\Routing\\RouteRegistrar.php(194): Illuminate\\Routing\\Router->group(Array, 'D:\\\\Kuliah\\\\Semes...')
#3 D:\\Kuliah\\Semester 3\\Modul 12\\modul12\\app\\Providers\\RouteServiceProvider.php(35): Illuminate\\Routing\\RouteRegistrar->group('D:\\\\Kuliah\\\\Semes...')
#4 D:\\Kuliah\\Semester 3\\Modul 12\\modul12\\vendor\\laravel\\framework\\src\\Illuminate\\Container\\BoundMethod.php(36): App\\Providers\\RouteServiceProvider->App\\Providers\\{closure}()
#5 D:\\Kuliah\\Semester 3\\Modul 12\\modul12\\vendor\\laravel\\framework\\src\\Illuminate\\Container\\Util.php(41): Illuminate\\Container\\BoundMethod::Illuminate\\Container\\{closure}()
#6 D:\\Kuliah\\Semester 3\\Modul 12\\modul12\\vendor\\laravel\\framework\\src\\Illuminate\\Container\\BoundMethod.php(81): Illuminate\\Container\\Util::unwrapIfClosure(Object(Closure))
#7 D:\\Kuliah\\Semester 3\\Modul 12\\modul12\\vendor\\laravel\\framework\\src\\Illuminate\\Container\\BoundMethod.php(35): Illuminate\\Container\\BoundMethod::callBoundMethod(Object(Illuminate\\Foundation\\Application), Object(Closure), Object(Closure))
#8 D:\\Kuliah\\Semester 3\\Modul 12\\modul12\\vendor\\laravel\\framework\\src\\Illuminate\\Container\\Container.php(662): Illuminate\\Container\\BoundMethod::call(Object(Illuminate\\Foundation\\Application), Object(Closure), Array, NULL)
#9 D:\\Kuliah\\Semester 3\\Modul 12\\modul12\\vendor\\laravel\\framework\\src\\Illuminate\\Foundation\\Support\\Providers\\RouteServiceProvider.php(120): Illuminate\\Container\\Container->call(Object(Closure))
#10 D:\\Kuliah\\Semester 3\\Modul 12\\modul12\\vendor\\laravel\\framework\\src\\Illuminate\\Foundation\\Support\\Providers\\RouteServiceProvider.php(45): Illuminate\\Foundation\\Support\\Providers\\RouteServiceProvider->loadRoutes()
#11 D:\\Kuliah\\Semester 3\\Modul 12\\modul12\\vendor\\laravel\\framework\\src\\Illuminate\\Container\\BoundMethod.php(36): Illuminate\\Foundation\\Support\\Providers\\RouteServiceProvider->Illuminate\\Foundation\\Support\\Providers\\{closure}()
#12 D:\\Kuliah\\Semester 3\\Modul 12\\modul12\\vendor\\laravel\\framework\\src\\Illuminate\\Container\\Util.php(41): Illuminate\\Container\\BoundMethod::Illuminate\\Container\\{closure}()
#13 D:\\Kuliah\\Semester 3\\Modul 12\\modul12\\vendor\\laravel\\framework\\src\\Illuminate\\Container\\BoundMethod.php(81): Illuminate\\Container\\Util::unwrapIfClosure(Object(Closure))
#14 D:\\Kuliah\\Semester 3\\Modul 12\\modul12\\vendor\\laravel\\framework\\src\\Illuminate\\Container\\BoundMethod.php(35): Illuminate\\Container\\BoundMethod::callBoundMethod(Object(Illuminate\\Foundation\\Application), Object(Closure), Object(Closure))
#15 D:\\Kuliah\\Semester 3\\Modul 12\\modul12\\vendor\\laravel\\framework\\src\\Illuminate\\Container\\Container.php(662): Illuminate\\Container\\BoundMethod::call(Object(Illuminate\\Foundation\\Application), Object(Closure), Array, NULL)
#16 D:\\Kuliah\\Semester 3\\Modul 12\\modul12\\vendor\\laravel\\framework\\src\\Illuminate\\Support\\ServiceProvider.php(119): Illuminate\\Container\\Container->call(Object(Closure))
#17 D:\\Kuliah\\Semester 3\\Modul 12\\modul12\\vendor\\laravel\\framework\\src\\Illuminate\\Foundation\\Application.php(1039): Illuminate\\Support\\ServiceProvider->callBootedCallbacks()
#18 D:\\Kuliah\\Semester 3\\Modul 12\\modul12\\vendor\\laravel\\framework\\src\\Illuminate\\Foundation\\Application.php(1017): Illuminate\\Foundation\\Application->bootProvider(Object(App\\Providers\\RouteServiceProvider))
#19 [internal function]: Illuminate\\Foundation\\Application->Illuminate\\Foundation\\{closure}(Object(App\\Providers\\RouteServiceProvider), 24)
#20 D:\\Kuliah\\Semester 3\\Modul 12\\modul12\\vendor\\laravel\\framework\\src\\Illuminate\\Foundation\\Application.php(1016): array_walk(Array, Object(Closure))
#21 D:\\Kuliah\\Semester 3\\Modul 12\\modul12\\vendor\\laravel\\framework\\src\\Illuminate\\Foundation\\Bootstrap\\BootProviders.php(17): Illuminate\\Foundation\\Application->boot()
#22 D:\\Kuliah\\Semester 3\\Modul 12\\modul12\\vendor\\laravel\\framework\\src\\Illuminate\\Foundation\\Application.php(263): Illuminate\\Foundation\\Bootstrap\\BootProviders->bootstrap(Object(Illuminate\\Foundation\\Application))
#23 D:\\Kuliah\\Semester 3\\Modul 12\\modul12\\vendor\\laravel\\framework\\src\\Illuminate\\Foundation\\Http\\Kernel.php(186): Illuminate\\Foundation\\Application->bootstrapWith(Array)
#24 D:\\Kuliah\\Semester 3\\Modul 12\\modul12\\vendor\\laravel\\framework\\src\\Illuminate\\Foundation\\Http\\Kernel.php(170): Illuminate\\Foundation\\Http\\Kernel->bootstrap()
#25 D:\\Kuliah\\Semester 3\\Modul 12\\modul12\\vendor\\laravel\\framework\\src\\Illuminate\\Foundation\\Http\\Kernel.php(144): Illuminate\\Foundation\\Http\\Kernel->sendRequestThroughRouter(Object(Illuminate\\Http\\Request))
#26 D:\\Kuliah\\Semester 3\\Modul 12\\modul12\\public\\index.php(51): Illuminate\\Foundation\\Http\\Kernel->handle(Object(Illuminate\\Http\\Request))
#27 D:\\Kuliah\\Semester 3\\Modul 12\\modul12\\vendor\\laravel\\framework\\src\\Illuminate\\Foundation\\resources\\server.php(16): require_once('D:\\\\Kuliah\\\\Semes...')
#28 {main}
"} 
[2024-11-28 13:54:53] local.ERROR: Invalid route action: [ProfileController]. {"exception":"[object] (UnexpectedValueException(code: 0): Invalid route action: [ProfileController]. at D:\\Kuliah\\Semester 3\\Modul 12\\modul12\\vendor\\laravel\\framework\\src\\Illuminate\\Routing\\RouteAction.php:92)
[stacktrace]
#0 D:\\Kuliah\\Semester 3\\Modul 12\\modul12\\vendor\\laravel\\framework\\src\\Illuminate\\Routing\\RouteAction.php(47): Illuminate\\Routing\\RouteAction::makeInvokable('ProfileControll...')
#1 D:\\Kuliah\\Semester 3\\Modul 12\\modul12\\vendor\\laravel\\framework\\src\\Illuminate\\Routing\\Route.php(191): Illuminate\\Routing\\RouteAction::parse('profile', Array)
#2 D:\\Kuliah\\Semester 3\\Modul 12\\modul12\\vendor\\laravel\\framework\\src\\Illuminate\\Routing\\Route.php(172): Illuminate\\Routing\\Route->parseAction(Array)
#3 D:\\Kuliah\\Semester 3\\Modul 12\\modul12\\vendor\\laravel\\framework\\src\\Illuminate\\Routing\\Router.php(669): Illuminate\\Routing\\Route->__construct(Array, 'profile', Array)
#4 D:\\Kuliah\\Semester 3\\Modul 12\\modul12\\vendor\\laravel\\framework\\src\\Illuminate\\Routing\\Router.php(561): Illuminate\\Routing\\Router->newRoute(Array, 'profile', Array)
#5 D:\\Kuliah\\Semester 3\\Modul 12\\modul12\\vendor\\laravel\\framework\\src\\Illuminate\\Routing\\Router.php(541): Illuminate\\Routing\\Router->createRoute(Array, 'profile', Array)
#6 D:\\Kuliah\\Semester 3\\Modul 12\\modul12\\vendor\\laravel\\framework\\src\\Illuminate\\Routing\\Router.php(159): Illuminate\\Routing\\Router->addRoute(Array, 'profile', 'ProfileControll...')
#7 D:\\Kuliah\\Semester 3\\Modul 12\\modul12\\vendor\\laravel\\framework\\src\\Illuminate\\Support\\Facades\\Facade.php(355): Illuminate\\Routing\\Router->get('profile', 'ProfileControll...')
#8 D:\\Kuliah\\Semester 3\\Modul 12\\modul12\\routes\\web.php(24): Illuminate\\Support\\Facades\\Facade::__callStatic('get', Array)
#9 D:\\Kuliah\\Semester 3\\Modul 12\\modul12\\vendor\\laravel\\framework\\src\\Illuminate\\Routing\\RouteFileRegistrar.php(35): require('D:\\\\Kuliah\\\\Semes...')
#10 D:\\Kuliah\\Semester 3\\Modul 12\\modul12\\vendor\\laravel\\framework\\src\\Illuminate\\Routing\\Router.php(511): Illuminate\\Routing\\RouteFileRegistrar->register('D:\\\\Kuliah\\\\Semes...')
#11 D:\\Kuliah\\Semester 3\\Modul 12\\modul12\\vendor\\laravel\\framework\\src\\Illuminate\\Routing\\Router.php(465): Illuminate\\Routing\\Router->loadRoutes('D:\\\\Kuliah\\\\Semes...')
#12 D:\\Kuliah\\Semester 3\\Modul 12\\modul12\\vendor\\laravel\\framework\\src\\Illuminate\\Routing\\RouteRegistrar.php(194): Illuminate\\Routing\\Router->group(Array, 'D:\\\\Kuliah\\\\Semes...')
#13 D:\\Kuliah\\Semester 3\\Modul 12\\modul12\\app\\Providers\\RouteServiceProvider.php(35): Illuminate\\Routing\\RouteRegistrar->group('D:\\\\Kuliah\\\\Semes...')
#14 D:\\Kuliah\\Semester 3\\Modul 12\\modul12\\vendor\\laravel\\framework\\src\\Illuminate\\Container\\BoundMethod.php(36): App\\Providers\\RouteServiceProvider->App\\Providers\\{closure}()
#15 D:\\Kuliah\\Semester 3\\Modul 12\\modul12\\vendor\\laravel\\framework\\src\\Illuminate\\Container\\Util.php(41): Illuminate\\Container\\BoundMethod::Illuminate\\Container\\{closure}()
#16 D:\\Kuliah\\Semester 3\\Modul 12\\modul12\\vendor\\laravel\\framework\\src\\Illuminate\\Container\\BoundMethod.php(81): Illuminate\\Container\\Util::unwrapIfClosure(Object(Closure))
#17 D:\\Kuliah\\Semester 3\\Modul 12\\modul12\\vendor\\laravel\\framework\\src\\Illuminate\\Container\\BoundMethod.php(35): Illuminate\\Container\\BoundMethod::callBoundMethod(Object(Illuminate\\Foundation\\Application), Object(Closure), Object(Closure))
#18 D:\\Kuliah\\Semester 3\\Modul 12\\modul12\\vendor\\laravel\\framework\\src\\Illuminate\\Container\\Container.php(662): Illuminate\\Container\\BoundMethod::call(Object(Illuminate\\Foundation\\Application), Object(Closure), Array, NULL)
#19 D:\\Kuliah\\Semester 3\\Modul 12\\modul12\\vendor\\laravel\\framework\\src\\Illuminate\\Foundation\\Support\\Providers\\RouteServiceProvider.php(120): Illuminate\\Container\\Container->call(Object(Closure))
#20 D:\\Kuliah\\Semester 3\\Modul 12\\modul12\\vendor\\laravel\\framework\\src\\Illuminate\\Foundation\\Support\\Providers\\RouteServiceProvider.php(45): Illuminate\\Foundation\\Support\\Providers\\RouteServiceProvider->loadRoutes()
#21 D:\\Kuliah\\Semester 3\\Modul 12\\modul12\\vendor\\laravel\\framework\\src\\Illuminate\\Container\\BoundMethod.php(36): Illuminate\\Foundation\\Support\\Providers\\RouteServiceProvider->Illuminate\\Foundation\\Support\\Providers\\{closure}()
#22 D:\\Kuliah\\Semester 3\\Modul 12\\modul12\\vendor\\laravel\\framework\\src\\Illuminate\\Container\\Util.php(41): Illuminate\\Container\\BoundMethod::Illuminate\\Container\\{closure}()
#23 D:\\Kuliah\\Semester 3\\Modul 12\\modul12\\vendor\\laravel\\framework\\src\\Illuminate\\Container\\BoundMethod.php(81): Illuminate\\Container\\Util::unwrapIfClosure(Object(Closure))
#24 D:\\Kuliah\\Semester 3\\Modul 12\\modul12\\vendor\\laravel\\framework\\src\\Illuminate\\Container\\BoundMethod.php(35): Illuminate\\Container\\BoundMethod::callBoundMethod(Object(Illuminate\\Foundation\\Application), Object(Closure), Object(Closure))
#25 D:\\Kuliah\\Semester 3\\Modul 12\\modul12\\vendor\\laravel\\framework\\src\\Illuminate\\Container\\Container.php(662): Illuminate\\Container\\BoundMethod::call(Object(Illuminate\\Foundation\\Application), Object(Closure), Array, NULL)
#26 D:\\Kuliah\\Semester 3\\Modul 12\\modul12\\vendor\\laravel\\framework\\src\\Illuminate\\Support\\ServiceProvider.php(119): Illuminate\\Container\\Container->call(Object(Closure))
#27 D:\\Kuliah\\Semester 3\\Modul 12\\modul12\\vendor\\laravel\\framework\\src\\Illuminate\\Foundation\\Application.php(1039): Illuminate\\Support\\ServiceProvider->callBootedCallbacks()
#28 D:\\Kuliah\\Semester 3\\Modul 12\\modul12\\vendor\\laravel\\framework\\src\\Illuminate\\Foundation\\Application.php(1017): Illuminate\\Foundation\\Application->bootProvider(Object(App\\Providers\\RouteServiceProvider))
#29 [internal function]: Illuminate\\Foundation\\Application->Illuminate\\Foundation\\{closure}(Object(App\\Providers\\RouteServiceProvider), 24)
#30 D:\\Kuliah\\Semester 3\\Modul 12\\modul12\\vendor\\laravel\\framework\\src\\Illuminate\\Foundation\\Application.php(1016): array_walk(Array, Object(Closure))
#31 D:\\Kuliah\\Semester 3\\Modul 12\\modul12\\vendor\\laravel\\framework\\src\\Illuminate\\Foundation\\Bootstrap\\BootProviders.php(17): Illuminate\\Foundation\\Application->boot()
#32 D:\\Kuliah\\Semester 3\\Modul 12\\modul12\\vendor\\laravel\\framework\\src\\Illuminate\\Foundation\\Application.php(263): Illuminate\\Foundation\\Bootstrap\\BootProviders->bootstrap(Object(Illuminate\\Foundation\\Application))
#33 D:\\Kuliah\\Semester 3\\Modul 12\\modul12\\vendor\\laravel\\framework\\src\\Illuminate\\Foundation\\Http\\Kernel.php(186): Illuminate\\Foundation\\Application->bootstrapWith(Array)
#34 D:\\Kuliah\\Semester 3\\Modul 12\\modul12\\vendor\\laravel\\framework\\src\\Illuminate\\Foundation\\Http\\Kernel.php(170): Illuminate\\Foundation\\Http\\Kernel->bootstrap()
#35 D:\\Kuliah\\Semester 3\\Modul 12\\modul12\\vendor\\laravel\\framework\\src\\Illuminate\\Foundation\\Http\\Kernel.php(144): Illuminate\\Foundation\\Http\\Kernel->sendRequestThroughRouter(Object(Illuminate\\Http\\Request))
#36 D:\\Kuliah\\Semester 3\\Modul 12\\modul12\\public\\index.php(51): Illuminate\\Foundation\\Http\\Kernel->handle(Object(Illuminate\\Http\\Request))
#37 D:\\Kuliah\\Semester 3\\Modul 12\\modul12\\vendor\\laravel\\framework\\src\\Illuminate\\Foundation\\resources\\server.php(16): require_once('D:\\\\Kuliah\\\\Semes...')
#38 {main}
"} 
[2024-11-28 14:02:02] local.ERROR: Cannot use App\Http\Controllers\ProfileController as ProfileController because the name is already in use {"exception":"[object] (Symfony\\Component\\ErrorHandler\\Error\\FatalError(code: 0): Cannot use App\\Http\\Controllers\\ProfileController as ProfileController because the name is already in use at D:\\Kuliah\\Semester 3\\Modul 12\\modul12\\routes\\web.php:28)
[stacktrace]
#0 {main}
"} 
[2024-11-28 14:02:05] local.ERROR: Cannot use App\Http\Controllers\ProfileController as ProfileController because the name is already in use {"exception":"[object] (Symfony\\Component\\ErrorHandler\\Error\\FatalError(code: 0): Cannot use App\\Http\\Controllers\\ProfileController as ProfileController because the name is already in use at D:\\Kuliah\\Semester 3\\Modul 12\\modul12\\routes\\web.php:27)
[stacktrace]
#0 {main}
"} 
[2024-12-05 13:03:33] local.ERROR: SQLSTATE[HY000] [2002] No connection could be made because the target machine actively refused it (Connection: mysql, SQL: 
            select *, employees.id as employee_id, positions.name as position_name
            from employees
            left join positions on employees.position_id = positions.id
        ) {"exception":"[object] (Illuminate\\Database\\QueryException(code: 2002): SQLSTATE[HY000] [2002] No connection could be made because the target machine actively refused it (Connection: mysql, SQL: 
            select *, employees.id as employee_id, positions.name as position_name
            from employees
            left join positions on employees.position_id = positions.id
        ) at D:\\Semester 3\\PAW\\Modul 12\\modul12\\vendor\\laravel\\framework\\src\\Illuminate\\Database\\Connection.php:829)
[stacktrace]
#0 D:\\Semester 3\\PAW\\Modul 12\\modul12\\vendor\\laravel\\framework\\src\\Illuminate\\Database\\Connection.php(983): Illuminate\\Database\\Connection->runQueryCallback('\\n            se...', Array, Object(Closure))
#1 D:\\Semester 3\\PAW\\Modul 12\\modul12\\vendor\\laravel\\framework\\src\\Illuminate\\Database\\Connection.php(962): Illuminate\\Database\\Connection->tryAgainIfCausedByLostConnection(Object(Illuminate\\Database\\QueryException), '\\n            se...', Array, Object(Closure))
#2 D:\\Semester 3\\PAW\\Modul 12\\modul12\\vendor\\laravel\\framework\\src\\Illuminate\\Database\\Connection.php(785): Illuminate\\Database\\Connection->handleQueryException(Object(Illuminate\\Database\\QueryException), '\\n            se...', Array, Object(Closure))
#3 D:\\Semester 3\\PAW\\Modul 12\\modul12\\vendor\\laravel\\framework\\src\\Illuminate\\Database\\Connection.php(414): Illuminate\\Database\\Connection->run('\\n            se...', Array, Object(Closure))
#4 D:\\Semester 3\\PAW\\Modul 12\\modul12\\vendor\\laravel\\framework\\src\\Illuminate\\Database\\DatabaseManager.php(509): Illuminate\\Database\\Connection->select('\\n            se...')
#5 D:\\Semester 3\\PAW\\Modul 12\\modul12\\vendor\\laravel\\framework\\src\\Illuminate\\Support\\Facades\\Facade.php(355): Illuminate\\Database\\DatabaseManager->__call('select', Array)
#6 D:\\Semester 3\\PAW\\Modul 12\\modul12\\app\\Http\\Controllers\\EmployeeController.php(19): Illuminate\\Support\\Facades\\Facade::__callStatic('select', Array)
#7 D:\\Semester 3\\PAW\\Modul 12\\modul12\\vendor\\laravel\\framework\\src\\Illuminate\\Routing\\Controller.php(54): App\\Http\\Controllers\\EmployeeController->index()
#8 D:\\Semester 3\\PAW\\Modul 12\\modul12\\vendor\\laravel\\framework\\src\\Illuminate\\Routing\\ControllerDispatcher.php(43): Illuminate\\Routing\\Controller->callAction('index', Array)
#9 D:\\Semester 3\\PAW\\Modul 12\\modul12\\vendor\\laravel\\framework\\src\\Illuminate\\Routing\\Route.php(259): Illuminate\\Routing\\ControllerDispatcher->dispatch(Object(Illuminate\\Routing\\Route), Object(App\\Http\\Controllers\\EmployeeController), 'index')
#10 D:\\Semester 3\\PAW\\Modul 12\\modul12\\vendor\\laravel\\framework\\src\\Illuminate\\Routing\\Route.php(205): Illuminate\\Routing\\Route->runController()
#11 D:\\Semester 3\\PAW\\Modul 12\\modul12\\vendor\\laravel\\framework\\src\\Illuminate\\Routing\\Router.php(806): Illuminate\\Routing\\Route->run()
#12 D:\\Semester 3\\PAW\\Modul 12\\modul12\\vendor\\laravel\\framework\\src\\Illuminate\\Pipeline\\Pipeline.php(144): Illuminate\\Routing\\Router->Illuminate\\Routing\\{closure}(Object(Illuminate\\Http\\Request))
#13 D:\\Semester 3\\PAW\\Modul 12\\modul12\\vendor\\laravel\\framework\\src\\Illuminate\\Routing\\Middleware\\SubstituteBindings.php(50): Illuminate\\Pipeline\\Pipeline->Illuminate\\Pipeline\\{closure}(Object(Illuminate\\Http\\Request))
#14 D:\\Semester 3\\PAW\\Modul 12\\modul12\\vendor\\laravel\\framework\\src\\Illuminate\\Pipeline\\Pipeline.php(183): Illuminate\\Routing\\Middleware\\SubstituteBindings->handle(Object(Illuminate\\Http\\Request), Object(Closure))
#15 D:\\Semester 3\\PAW\\Modul 12\\modul12\\vendor\\laravel\\framework\\src\\Illuminate\\Foundation\\Http\\Middleware\\VerifyCsrfToken.php(78): Illuminate\\Pipeline\\Pipeline->Illuminate\\Pipeline\\{closure}(Object(Illuminate\\Http\\Request))
#16 D:\\Semester 3\\PAW\\Modul 12\\modul12\\vendor\\laravel\\framework\\src\\Illuminate\\Pipeline\\Pipeline.php(183): Illuminate\\Foundation\\Http\\Middleware\\VerifyCsrfToken->handle(Object(Illuminate\\Http\\Request), Object(Closure))
#17 D:\\Semester 3\\PAW\\Modul 12\\modul12\\vendor\\laravel\\framework\\src\\Illuminate\\View\\Middleware\\ShareErrorsFromSession.php(49): Illuminate\\Pipeline\\Pipeline->Illuminate\\Pipeline\\{closure}(Object(Illuminate\\Http\\Request))
#18 D:\\Semester 3\\PAW\\Modul 12\\modul12\\vendor\\laravel\\framework\\src\\Illuminate\\Pipeline\\Pipeline.php(183): Illuminate\\View\\Middleware\\ShareErrorsFromSession->handle(Object(Illuminate\\Http\\Request), Object(Closure))
#19 D:\\Semester 3\\PAW\\Modul 12\\modul12\\vendor\\laravel\\framework\\src\\Illuminate\\Session\\Middleware\\StartSession.php(121): Illuminate\\Pipeline\\Pipeline->Illuminate\\Pipeline\\{closure}(Object(Illuminate\\Http\\Request))
#20 D:\\Semester 3\\PAW\\Modul 12\\modul12\\vendor\\laravel\\framework\\src\\Illuminate\\Session\\Middleware\\StartSession.php(64): Illuminate\\Session\\Middleware\\StartSession->handleStatefulRequest(Object(Illuminate\\Http\\Request), Object(Illuminate\\Session\\Store), Object(Closure))
#21 D:\\Semester 3\\PAW\\Modul 12\\modul12\\vendor\\laravel\\framework\\src\\Illuminate\\Pipeline\\Pipeline.php(183): Illuminate\\Session\\Middleware\\StartSession->handle(Object(Illuminate\\Http\\Request), Object(Closure))
#22 D:\\Semester 3\\PAW\\Modul 12\\modul12\\vendor\\laravel\\framework\\src\\Illuminate\\Cookie\\Middleware\\AddQueuedCookiesToResponse.php(37): Illuminate\\Pipeline\\Pipeline->Illuminate\\Pipeline\\{closure}(Object(Illuminate\\Http\\Request))
#23 D:\\Semester 3\\PAW\\Modul 12\\modul12\\vendor\\laravel\\framework\\src\\Illuminate\\Pipeline\\Pipeline.php(183): Illuminate\\Cookie\\Middleware\\AddQueuedCookiesToResponse->handle(Object(Illuminate\\Http\\Request), Object(Closure))
#24 D:\\Semester 3\\PAW\\Modul 12\\modul12\\vendor\\laravel\\framework\\src\\Illuminate\\Cookie\\Middleware\\EncryptCookies.php(67): Illuminate\\Pipeline\\Pipeline->Illuminate\\Pipeline\\{closure}(Object(Illuminate\\Http\\Request))
#25 D:\\Semester 3\\PAW\\Modul 12\\modul12\\vendor\\laravel\\framework\\src\\Illuminate\\Pipeline\\Pipeline.php(183): Illuminate\\Cookie\\Middleware\\EncryptCookies->handle(Object(Illuminate\\Http\\Request), Object(Closure))
#26 D:\\Semester 3\\PAW\\Modul 12\\modul12\\vendor\\laravel\\framework\\src\\Illuminate\\Pipeline\\Pipeline.php(119): Illuminate\\Pipeline\\Pipeline->Illuminate\\Pipeline\\{closure}(Object(Illuminate\\Http\\Request))
#27 D:\\Semester 3\\PAW\\Modul 12\\modul12\\vendor\\laravel\\framework\\src\\Illuminate\\Routing\\Router.php(805): Illuminate\\Pipeline\\Pipeline->then(Object(Closure))
#28 D:\\Semester 3\\PAW\\Modul 12\\modul12\\vendor\\laravel\\framework\\src\\Illuminate\\Routing\\Router.php(784): Illuminate\\Routing\\Router->runRouteWithinStack(Object(Illuminate\\Routing\\Route), Object(Illuminate\\Http\\Request))
#29 D:\\Semester 3\\PAW\\Modul 12\\modul12\\vendor\\laravel\\framework\\src\\Illuminate\\Routing\\Router.php(748): Illuminate\\Routing\\Router->runRoute(Object(Illuminate\\Http\\Request), Object(Illuminate\\Routing\\Route))
#30 D:\\Semester 3\\PAW\\Modul 12\\modul12\\vendor\\laravel\\framework\\src\\Illuminate\\Routing\\Router.php(737): Illuminate\\Routing\\Router->dispatchToRoute(Object(Illuminate\\Http\\Request))
#31 D:\\Semester 3\\PAW\\Modul 12\\modul12\\vendor\\laravel\\framework\\src\\Illuminate\\Foundation\\Http\\Kernel.php(200): Illuminate\\Routing\\Router->dispatch(Object(Illuminate\\Http\\Request))
#32 D:\\Semester 3\\PAW\\Modul 12\\modul12\\vendor\\laravel\\framework\\src\\Illuminate\\Pipeline\\Pipeline.php(144): Illuminate\\Foundation\\Http\\Kernel->Illuminate\\Foundation\\Http\\{closure}(Object(Illuminate\\Http\\Request))
#33 D:\\Semester 3\\PAW\\Modul 12\\modul12\\vendor\\laravel\\framework\\src\\Illuminate\\Foundation\\Http\\Middleware\\TransformsRequest.php(21): Illuminate\\Pipeline\\Pipeline->Illuminate\\Pipeline\\{closure}(Object(Illuminate\\Http\\Request))
#34 D:\\Semester 3\\PAW\\Modul 12\\modul12\\vendor\\laravel\\framework\\src\\Illuminate\\Foundation\\Http\\Middleware\\ConvertEmptyStringsToNull.php(31): Illuminate\\Foundation\\Http\\Middleware\\TransformsRequest->handle(Object(Illuminate\\Http\\Request), Object(Closure))
#35 D:\\Semester 3\\PAW\\Modul 12\\modul12\\vendor\\laravel\\framework\\src\\Illuminate\\Pipeline\\Pipeline.php(183): Illuminate\\Foundation\\Http\\Middleware\\ConvertEmptyStringsToNull->handle(Object(Illuminate\\Http\\Request), Object(Closure))
#36 D:\\Semester 3\\PAW\\Modul 12\\modul12\\vendor\\laravel\\framework\\src\\Illuminate\\Foundation\\Http\\Middleware\\TransformsRequest.php(21): Illuminate\\Pipeline\\Pipeline->Illuminate\\Pipeline\\{closure}(Object(Illuminate\\Http\\Request))
#37 D:\\Semester 3\\PAW\\Modul 12\\modul12\\vendor\\laravel\\framework\\src\\Illuminate\\Foundation\\Http\\Middleware\\TrimStrings.php(40): Illuminate\\Foundation\\Http\\Middleware\\TransformsRequest->handle(Object(Illuminate\\Http\\Request), Object(Closure))
#38 D:\\Semester 3\\PAW\\Modul 12\\modul12\\vendor\\laravel\\framework\\src\\Illuminate\\Pipeline\\Pipeline.php(183): Illuminate\\Foundation\\Http\\Middleware\\TrimStrings->handle(Object(Illuminate\\Http\\Request), Object(Closure))
#39 D:\\Semester 3\\PAW\\Modul 12\\modul12\\vendor\\laravel\\framework\\src\\Illuminate\\Foundation\\Http\\Middleware\\ValidatePostSize.php(27): Illuminate\\Pipeline\\Pipeline->Illuminate\\Pipeline\\{closure}(Object(Illuminate\\Http\\Request))
#40 D:\\Semester 3\\PAW\\Modul 12\\modul12\\vendor\\laravel\\framework\\src\\Illuminate\\Pipeline\\Pipeline.php(183): Illuminate\\Foundation\\Http\\Middleware\\ValidatePostSize->handle(Object(Illuminate\\Http\\Request), Object(Closure))
#41 D:\\Semester 3\\PAW\\Modul 12\\modul12\\vendor\\laravel\\framework\\src\\Illuminate\\Foundation\\Http\\Middleware\\PreventRequestsDuringMaintenance.php(99): Illuminate\\Pipeline\\Pipeline->Illuminate\\Pipeline\\{closure}(Object(Illuminate\\Http\\Request))
#42 D:\\Semester 3\\PAW\\Modul 12\\modul12\\vendor\\laravel\\framework\\src\\Illuminate\\Pipeline\\Pipeline.php(183): Illuminate\\Foundation\\Http\\Middleware\\PreventRequestsDuringMaintenance->handle(Object(Illuminate\\Http\\Request), Object(Closure))
#43 D:\\Semester 3\\PAW\\Modul 12\\modul12\\vendor\\laravel\\framework\\src\\Illuminate\\Http\\Middleware\\HandleCors.php(49): Illuminate\\Pipeline\\Pipeline->Illuminate\\Pipeline\\{closure}(Object(Illuminate\\Http\\Request))
#44 D:\\Semester 3\\PAW\\Modul 12\\modul12\\vendor\\laravel\\framework\\src\\Illuminate\\Pipeline\\Pipeline.php(183): Illuminate\\Http\\Middleware\\HandleCors->handle(Object(Illuminate\\Http\\Request), Object(Closure))
#45 D:\\Semester 3\\PAW\\Modul 12\\modul12\\vendor\\laravel\\framework\\src\\Illuminate\\Http\\Middleware\\TrustProxies.php(39): Illuminate\\Pipeline\\Pipeline->Illuminate\\Pipeline\\{closure}(Object(Illuminate\\Http\\Request))
#46 D:\\Semester 3\\PAW\\Modul 12\\modul12\\vendor\\laravel\\framework\\src\\Illuminate\\Pipeline\\Pipeline.php(183): Illuminate\\Http\\Middleware\\TrustProxies->handle(Object(Illuminate\\Http\\Request), Object(Closure))
#47 D:\\Semester 3\\PAW\\Modul 12\\modul12\\vendor\\laravel\\framework\\src\\Illuminate\\Pipeline\\Pipeline.php(119): Illuminate\\Pipeline\\Pipeline->Illuminate\\Pipeline\\{closure}(Object(Illuminate\\Http\\Request))
#48 D:\\Semester 3\\PAW\\Modul 12\\modul12\\vendor\\laravel\\framework\\src\\Illuminate\\Foundation\\Http\\Kernel.php(175): Illuminate\\Pipeline\\Pipeline->then(Object(Closure))
#49 D:\\Semester 3\\PAW\\Modul 12\\modul12\\vendor\\laravel\\framework\\src\\Illuminate\\Foundation\\Http\\Kernel.php(144): Illuminate\\Foundation\\Http\\Kernel->sendRequestThroughRouter(Object(Illuminate\\Http\\Request))
#50 D:\\Semester 3\\PAW\\Modul 12\\modul12\\public\\index.php(51): Illuminate\\Foundation\\Http\\Kernel->handle(Object(Illuminate\\Http\\Request))
#51 D:\\Semester 3\\PAW\\Modul 12\\modul12\\vendor\\laravel\\framework\\src\\Illuminate\\Foundation\\resources\\server.php(16): require_once('D:\\\\Semester 3\\\\P...')
#52 {main}

[previous exception] [object] (PDOException(code: 2002): SQLSTATE[HY000] [2002] No connection could be made because the target machine actively refused it at D:\\Semester 3\\PAW\\Modul 12\\modul12\\vendor\\laravel\\framework\\src\\Illuminate\\Database\\Connectors\\Connector.php:65)
[stacktrace]
#0 D:\\Semester 3\\PAW\\Modul 12\\modul12\\vendor\\laravel\\framework\\src\\Illuminate\\Database\\Connectors\\Connector.php(65): PDO->__construct('mysql:host=127....', 'root', Object(SensitiveParameterValue), Array)
#1 D:\\Semester 3\\PAW\\Modul 12\\modul12\\vendor\\laravel\\framework\\src\\Illuminate\\Database\\Connectors\\Connector.php(83): Illuminate\\Database\\Connectors\\Connector->createPdoConnection('mysql:host=127....', 'root', '', Array)
#2 D:\\Semester 3\\PAW\\Modul 12\\modul12\\vendor\\laravel\\framework\\src\\Illuminate\\Database\\Connectors\\Connector.php(48): Illuminate\\Database\\Connectors\\Connector->tryAgainIfCausedByLostConnection(Object(PDOException), 'mysql:host=127....', 'root', '', Array)
#3 D:\\Semester 3\\PAW\\Modul 12\\modul12\\vendor\\laravel\\framework\\src\\Illuminate\\Database\\Connectors\\MySqlConnector.php(24): Illuminate\\Database\\Connectors\\Connector->createConnection('mysql:host=127....', Array, Array)
#4 D:\\Semester 3\\PAW\\Modul 12\\modul12\\vendor\\laravel\\framework\\src\\Illuminate\\Database\\Connectors\\ConnectionFactory.php(184): Illuminate\\Database\\Connectors\\MySqlConnector->connect(Array)
#5 [internal function]: Illuminate\\Database\\Connectors\\ConnectionFactory->Illuminate\\Database\\Connectors\\{closure}()
#6 D:\\Semester 3\\PAW\\Modul 12\\modul12\\vendor\\laravel\\framework\\src\\Illuminate\\Database\\Connection.php(1339): call_user_func(Object(Closure))
#7 D:\\Semester 3\\PAW\\Modul 12\\modul12\\vendor\\laravel\\framework\\src\\Illuminate\\Database\\Connection.php(1375): Illuminate\\Database\\Connection->getPdo()
#8 D:\\Semester 3\\PAW\\Modul 12\\modul12\\vendor\\laravel\\framework\\src\\Illuminate\\Database\\Connection.php(528): Illuminate\\Database\\Connection->getReadPdo()
#9 D:\\Semester 3\\PAW\\Modul 12\\modul12\\vendor\\laravel\\framework\\src\\Illuminate\\Database\\Connection.php(423): Illuminate\\Database\\Connection->getPdoForSelect(true)
#10 D:\\Semester 3\\PAW\\Modul 12\\modul12\\vendor\\laravel\\framework\\src\\Illuminate\\Database\\Connection.php(816): Illuminate\\Database\\Connection->Illuminate\\Database\\{closure}('\\n            se...', Array)
#11 D:\\Semester 3\\PAW\\Modul 12\\modul12\\vendor\\laravel\\framework\\src\\Illuminate\\Database\\Connection.php(983): Illuminate\\Database\\Connection->runQueryCallback('\\n            se...', Array, Object(Closure))
#12 D:\\Semester 3\\PAW\\Modul 12\\modul12\\vendor\\laravel\\framework\\src\\Illuminate\\Database\\Connection.php(962): Illuminate\\Database\\Connection->tryAgainIfCausedByLostConnection(Object(Illuminate\\Database\\QueryException), '\\n            se...', Array, Object(Closure))
#13 D:\\Semester 3\\PAW\\Modul 12\\modul12\\vendor\\laravel\\framework\\src\\Illuminate\\Database\\Connection.php(785): Illuminate\\Database\\Connection->handleQueryException(Object(Illuminate\\Database\\QueryException), '\\n            se...', Array, Object(Closure))
#14 D:\\Semester 3\\PAW\\Modul 12\\modul12\\vendor\\laravel\\framework\\src\\Illuminate\\Database\\Connection.php(414): Illuminate\\Database\\Connection->run('\\n            se...', Array, Object(Closure))
#15 D:\\Semester 3\\PAW\\Modul 12\\modul12\\vendor\\laravel\\framework\\src\\Illuminate\\Database\\DatabaseManager.php(509): Illuminate\\Database\\Connection->select('\\n            se...')
#16 D:\\Semester 3\\PAW\\Modul 12\\modul12\\vendor\\laravel\\framework\\src\\Illuminate\\Support\\Facades\\Facade.php(355): Illuminate\\Database\\DatabaseManager->__call('select', Array)
#17 D:\\Semester 3\\PAW\\Modul 12\\modul12\\app\\Http\\Controllers\\EmployeeController.php(19): Illuminate\\Support\\Facades\\Facade::__callStatic('select', Array)
#18 D:\\Semester 3\\PAW\\Modul 12\\modul12\\vendor\\laravel\\framework\\src\\Illuminate\\Routing\\Controller.php(54): App\\Http\\Controllers\\EmployeeController->index()
#19 D:\\Semester 3\\PAW\\Modul 12\\modul12\\vendor\\laravel\\framework\\src\\Illuminate\\Routing\\ControllerDispatcher.php(43): Illuminate\\Routing\\Controller->callAction('index', Array)
#20 D:\\Semester 3\\PAW\\Modul 12\\modul12\\vendor\\laravel\\framework\\src\\Illuminate\\Routing\\Route.php(259): Illuminate\\Routing\\ControllerDispatcher->dispatch(Object(Illuminate\\Routing\\Route), Object(App\\Http\\Controllers\\EmployeeController), 'index')
#21 D:\\Semester 3\\PAW\\Modul 12\\modul12\\vendor\\laravel\\framework\\src\\Illuminate\\Routing\\Route.php(205): Illuminate\\Routing\\Route->runController()
#22 D:\\Semester 3\\PAW\\Modul 12\\modul12\\vendor\\laravel\\framework\\src\\Illuminate\\Routing\\Router.php(806): Illuminate\\Routing\\Route->run()
#23 D:\\Semester 3\\PAW\\Modul 12\\modul12\\vendor\\laravel\\framework\\src\\Illuminate\\Pipeline\\Pipeline.php(144): Illuminate\\Routing\\Router->Illuminate\\Routing\\{closure}(Object(Illuminate\\Http\\Request))
#24 D:\\Semester 3\\PAW\\Modul 12\\modul12\\vendor\\laravel\\framework\\src\\Illuminate\\Routing\\Middleware\\SubstituteBindings.php(50): Illuminate\\Pipeline\\Pipeline->Illuminate\\Pipeline\\{closure}(Object(Illuminate\\Http\\Request))
#25 D:\\Semester 3\\PAW\\Modul 12\\modul12\\vendor\\laravel\\framework\\src\\Illuminate\\Pipeline\\Pipeline.php(183): Illuminate\\Routing\\Middleware\\SubstituteBindings->handle(Object(Illuminate\\Http\\Request), Object(Closure))
#26 D:\\Semester 3\\PAW\\Modul 12\\modul12\\vendor\\laravel\\framework\\src\\Illuminate\\Foundation\\Http\\Middleware\\VerifyCsrfToken.php(78): Illuminate\\Pipeline\\Pipeline->Illuminate\\Pipeline\\{closure}(Object(Illuminate\\Http\\Request))
#27 D:\\Semester 3\\PAW\\Modul 12\\modul12\\vendor\\laravel\\framework\\src\\Illuminate\\Pipeline\\Pipeline.php(183): Illuminate\\Foundation\\Http\\Middleware\\VerifyCsrfToken->handle(Object(Illuminate\\Http\\Request), Object(Closure))
#28 D:\\Semester 3\\PAW\\Modul 12\\modul12\\vendor\\laravel\\framework\\src\\Illuminate\\View\\Middleware\\ShareErrorsFromSession.php(49): Illuminate\\Pipeline\\Pipeline->Illuminate\\Pipeline\\{closure}(Object(Illuminate\\Http\\Request))
#29 D:\\Semester 3\\PAW\\Modul 12\\modul12\\vendor\\laravel\\framework\\src\\Illuminate\\Pipeline\\Pipeline.php(183): Illuminate\\View\\Middleware\\ShareErrorsFromSession->handle(Object(Illuminate\\Http\\Request), Object(Closure))
#30 D:\\Semester 3\\PAW\\Modul 12\\modul12\\vendor\\laravel\\framework\\src\\Illuminate\\Session\\Middleware\\StartSession.php(121): Illuminate\\Pipeline\\Pipeline->Illuminate\\Pipeline\\{closure}(Object(Illuminate\\Http\\Request))
#31 D:\\Semester 3\\PAW\\Modul 12\\modul12\\vendor\\laravel\\framework\\src\\Illuminate\\Session\\Middleware\\StartSession.php(64): Illuminate\\Session\\Middleware\\StartSession->handleStatefulRequest(Object(Illuminate\\Http\\Request), Object(Illuminate\\Session\\Store), Object(Closure))
#32 D:\\Semester 3\\PAW\\Modul 12\\modul12\\vendor\\laravel\\framework\\src\\Illuminate\\Pipeline\\Pipeline.php(183): Illuminate\\Session\\Middleware\\StartSession->handle(Object(Illuminate\\Http\\Request), Object(Closure))
#33 D:\\Semester 3\\PAW\\Modul 12\\modul12\\vendor\\laravel\\framework\\src\\Illuminate\\Cookie\\Middleware\\AddQueuedCookiesToResponse.php(37): Illuminate\\Pipeline\\Pipeline->Illuminate\\Pipeline\\{closure}(Object(Illuminate\\Http\\Request))
#34 D:\\Semester 3\\PAW\\Modul 12\\modul12\\vendor\\laravel\\framework\\src\\Illuminate\\Pipeline\\Pipeline.php(183): Illuminate\\Cookie\\Middleware\\AddQueuedCookiesToResponse->handle(Object(Illuminate\\Http\\Request), Object(Closure))
#35 D:\\Semester 3\\PAW\\Modul 12\\modul12\\vendor\\laravel\\framework\\src\\Illuminate\\Cookie\\Middleware\\EncryptCookies.php(67): Illuminate\\Pipeline\\Pipeline->Illuminate\\Pipeline\\{closure}(Object(Illuminate\\Http\\Request))
#36 D:\\Semester 3\\PAW\\Modul 12\\modul12\\vendor\\laravel\\framework\\src\\Illuminate\\Pipeline\\Pipeline.php(183): Illuminate\\Cookie\\Middleware\\EncryptCookies->handle(Object(Illuminate\\Http\\Request), Object(Closure))
#37 D:\\Semester 3\\PAW\\Modul 12\\modul12\\vendor\\laravel\\framework\\src\\Illuminate\\Pipeline\\Pipeline.php(119): Illuminate\\Pipeline\\Pipeline->Illuminate\\Pipeline\\{closure}(Object(Illuminate\\Http\\Request))
#38 D:\\Semester 3\\PAW\\Modul 12\\modul12\\vendor\\laravel\\framework\\src\\Illuminate\\Routing\\Router.php(805): Illuminate\\Pipeline\\Pipeline->then(Object(Closure))
#39 D:\\Semester 3\\PAW\\Modul 12\\modul12\\vendor\\laravel\\framework\\src\\Illuminate\\Routing\\Router.php(784): Illuminate\\Routing\\Router->runRouteWithinStack(Object(Illuminate\\Routing\\Route), Object(Illuminate\\Http\\Request))
#40 D:\\Semester 3\\PAW\\Modul 12\\modul12\\vendor\\laravel\\framework\\src\\Illuminate\\Routing\\Router.php(748): Illuminate\\Routing\\Router->runRoute(Object(Illuminate\\Http\\Request), Object(Illuminate\\Routing\\Route))
#41 D:\\Semester 3\\PAW\\Modul 12\\modul12\\vendor\\laravel\\framework\\src\\Illuminate\\Routing\\Router.php(737): Illuminate\\Routing\\Router->dispatchToRoute(Object(Illuminate\\Http\\Request))
#42 D:\\Semester 3\\PAW\\Modul 12\\modul12\\vendor\\laravel\\framework\\src\\Illuminate\\Foundation\\Http\\Kernel.php(200): Illuminate\\Routing\\Router->dispatch(Object(Illuminate\\Http\\Request))
#43 D:\\Semester 3\\PAW\\Modul 12\\modul12\\vendor\\laravel\\framework\\src\\Illuminate\\Pipeline\\Pipeline.php(144): Illuminate\\Foundation\\Http\\Kernel->Illuminate\\Foundation\\Http\\{closure}(Object(Illuminate\\Http\\Request))
#44 D:\\Semester 3\\PAW\\Modul 12\\modul12\\vendor\\laravel\\framework\\src\\Illuminate\\Foundation\\Http\\Middleware\\TransformsRequest.php(21): Illuminate\\Pipeline\\Pipeline->Illuminate\\Pipeline\\{closure}(Object(Illuminate\\Http\\Request))
#45 D:\\Semester 3\\PAW\\Modul 12\\modul12\\vendor\\laravel\\framework\\src\\Illuminate\\Foundation\\Http\\Middleware\\ConvertEmptyStringsToNull.php(31): Illuminate\\Foundation\\Http\\Middleware\\TransformsRequest->handle(Object(Illuminate\\Http\\Request), Object(Closure))
#46 D:\\Semester 3\\PAW\\Modul 12\\modul12\\vendor\\laravel\\framework\\src\\Illuminate\\Pipeline\\Pipeline.php(183): Illuminate\\Foundation\\Http\\Middleware\\ConvertEmptyStringsToNull->handle(Object(Illuminate\\Http\\Request), Object(Closure))
#47 D:\\Semester 3\\PAW\\Modul 12\\modul12\\vendor\\laravel\\framework\\src\\Illuminate\\Foundation\\Http\\Middleware\\TransformsRequest.php(21): Illuminate\\Pipeline\\Pipeline->Illuminate\\Pipeline\\{closure}(Object(Illuminate\\Http\\Request))
#48 D:\\Semester 3\\PAW\\Modul 12\\modul12\\vendor\\laravel\\framework\\src\\Illuminate\\Foundation\\Http\\Middleware\\TrimStrings.php(40): Illuminate\\Foundation\\Http\\Middleware\\TransformsRequest->handle(Object(Illuminate\\Http\\Request), Object(Closure))
#49 D:\\Semester 3\\PAW\\Modul 12\\modul12\\vendor\\laravel\\framework\\src\\Illuminate\\Pipeline\\Pipeline.php(183): Illuminate\\Foundation\\Http\\Middleware\\TrimStrings->handle(Object(Illuminate\\Http\\Request), Object(Closure))
#50 D:\\Semester 3\\PAW\\Modul 12\\modul12\\vendor\\laravel\\framework\\src\\Illuminate\\Foundation\\Http\\Middleware\\ValidatePostSize.php(27): Illuminate\\Pipeline\\Pipeline->Illuminate\\Pipeline\\{closure}(Object(Illuminate\\Http\\Request))
#51 D:\\Semester 3\\PAW\\Modul 12\\modul12\\vendor\\laravel\\framework\\src\\Illuminate\\Pipeline\\Pipeline.php(183): Illuminate\\Foundation\\Http\\Middleware\\ValidatePostSize->handle(Object(Illuminate\\Http\\Request), Object(Closure))
#52 D:\\Semester 3\\PAW\\Modul 12\\modul12\\vendor\\laravel\\framework\\src\\Illuminate\\Foundation\\Http\\Middleware\\PreventRequestsDuringMaintenance.php(99): Illuminate\\Pipeline\\Pipeline->Illuminate\\Pipeline\\{closure}(Object(Illuminate\\Http\\Request))
#53 D:\\Semester 3\\PAW\\Modul 12\\modul12\\vendor\\laravel\\framework\\src\\Illuminate\\Pipeline\\Pipeline.php(183): Illuminate\\Foundation\\Http\\Middleware\\PreventRequestsDuringMaintenance->handle(Object(Illuminate\\Http\\Request), Object(Closure))
#54 D:\\Semester 3\\PAW\\Modul 12\\modul12\\vendor\\laravel\\framework\\src\\Illuminate\\Http\\Middleware\\HandleCors.php(49): Illuminate\\Pipeline\\Pipeline->Illuminate\\Pipeline\\{closure}(Object(Illuminate\\Http\\Request))
#55 D:\\Semester 3\\PAW\\Modul 12\\modul12\\vendor\\laravel\\framework\\src\\Illuminate\\Pipeline\\Pipeline.php(183): Illuminate\\Http\\Middleware\\HandleCors->handle(Object(Illuminate\\Http\\Request), Object(Closure))
#56 D:\\Semester 3\\PAW\\Modul 12\\modul12\\vendor\\laravel\\framework\\src\\Illuminate\\Http\\Middleware\\TrustProxies.php(39): Illuminate\\Pipeline\\Pipeline->Illuminate\\Pipeline\\{closure}(Object(Illuminate\\Http\\Request))
#57 D:\\Semester 3\\PAW\\Modul 12\\modul12\\vendor\\laravel\\framework\\src\\Illuminate\\Pipeline\\Pipeline.php(183): Illuminate\\Http\\Middleware\\TrustProxies->handle(Object(Illuminate\\Http\\Request), Object(Closure))
#58 D:\\Semester 3\\PAW\\Modul 12\\modul12\\vendor\\laravel\\framework\\src\\Illuminate\\Pipeline\\Pipeline.php(119): Illuminate\\Pipeline\\Pipeline->Illuminate\\Pipeline\\{closure}(Object(Illuminate\\Http\\Request))
#59 D:\\Semester 3\\PAW\\Modul 12\\modul12\\vendor\\laravel\\framework\\src\\Illuminate\\Foundation\\Http\\Kernel.php(175): Illuminate\\Pipeline\\Pipeline->then(Object(Closure))
#60 D:\\Semester 3\\PAW\\Modul 12\\modul12\\vendor\\laravel\\framework\\src\\Illuminate\\Foundation\\Http\\Kernel.php(144): Illuminate\\Foundation\\Http\\Kernel->sendRequestThroughRouter(Object(Illuminate\\Http\\Request))
#61 D:\\Semester 3\\PAW\\Modul 12\\modul12\\public\\index.php(51): Illuminate\\Foundation\\Http\\Kernel->handle(Object(Illuminate\\Http\\Request))
#62 D:\\Semester 3\\PAW\\Modul 12\\modul12\\vendor\\laravel\\framework\\src\\Illuminate\\Foundation\\resources\\server.php(16): require_once('D:\\\\Semester 3\\\\P...')
#63 {main}
"} 
[2024-12-05 13:03:42] local.ERROR: SQLSTATE[HY000] [2002] No connection could be made because the target machine actively refused it (Connection: mysql, SQL: 
            select *, employees.id as employee_id, positions.name as position_name
            from employees
            left join positions on employees.position_id = positions.id
        ) {"exception":"[object] (Illuminate\\Database\\QueryException(code: 2002): SQLSTATE[HY000] [2002] No connection could be made because the target machine actively refused it (Connection: mysql, SQL: 
            select *, employees.id as employee_id, positions.name as position_name
            from employees
            left join positions on employees.position_id = positions.id
        ) at D:\\Semester 3\\PAW\\Modul 12\\modul12\\vendor\\laravel\\framework\\src\\Illuminate\\Database\\Connection.php:829)
[stacktrace]
#0 D:\\Semester 3\\PAW\\Modul 12\\modul12\\vendor\\laravel\\framework\\src\\Illuminate\\Database\\Connection.php(983): Illuminate\\Database\\Connection->runQueryCallback('\\n            se...', Array, Object(Closure))
#1 D:\\Semester 3\\PAW\\Modul 12\\modul12\\vendor\\laravel\\framework\\src\\Illuminate\\Database\\Connection.php(962): Illuminate\\Database\\Connection->tryAgainIfCausedByLostConnection(Object(Illuminate\\Database\\QueryException), '\\n            se...', Array, Object(Closure))
#2 D:\\Semester 3\\PAW\\Modul 12\\modul12\\vendor\\laravel\\framework\\src\\Illuminate\\Database\\Connection.php(785): Illuminate\\Database\\Connection->handleQueryException(Object(Illuminate\\Database\\QueryException), '\\n            se...', Array, Object(Closure))
#3 D:\\Semester 3\\PAW\\Modul 12\\modul12\\vendor\\laravel\\framework\\src\\Illuminate\\Database\\Connection.php(414): Illuminate\\Database\\Connection->run('\\n            se...', Array, Object(Closure))
#4 D:\\Semester 3\\PAW\\Modul 12\\modul12\\vendor\\laravel\\framework\\src\\Illuminate\\Database\\DatabaseManager.php(509): Illuminate\\Database\\Connection->select('\\n            se...')
#5 D:\\Semester 3\\PAW\\Modul 12\\modul12\\vendor\\laravel\\framework\\src\\Illuminate\\Support\\Facades\\Facade.php(355): Illuminate\\Database\\DatabaseManager->__call('select', Array)
#6 D:\\Semester 3\\PAW\\Modul 12\\modul12\\app\\Http\\Controllers\\EmployeeController.php(19): Illuminate\\Support\\Facades\\Facade::__callStatic('select', Array)
#7 D:\\Semester 3\\PAW\\Modul 12\\modul12\\vendor\\laravel\\framework\\src\\Illuminate\\Routing\\Controller.php(54): App\\Http\\Controllers\\EmployeeController->index()
#8 D:\\Semester 3\\PAW\\Modul 12\\modul12\\vendor\\laravel\\framework\\src\\Illuminate\\Routing\\ControllerDispatcher.php(43): Illuminate\\Routing\\Controller->callAction('index', Array)
#9 D:\\Semester 3\\PAW\\Modul 12\\modul12\\vendor\\laravel\\framework\\src\\Illuminate\\Routing\\Route.php(259): Illuminate\\Routing\\ControllerDispatcher->dispatch(Object(Illuminate\\Routing\\Route), Object(App\\Http\\Controllers\\EmployeeController), 'index')
#10 D:\\Semester 3\\PAW\\Modul 12\\modul12\\vendor\\laravel\\framework\\src\\Illuminate\\Routing\\Route.php(205): Illuminate\\Routing\\Route->runController()
#11 D:\\Semester 3\\PAW\\Modul 12\\modul12\\vendor\\laravel\\framework\\src\\Illuminate\\Routing\\Router.php(806): Illuminate\\Routing\\Route->run()
#12 D:\\Semester 3\\PAW\\Modul 12\\modul12\\vendor\\laravel\\framework\\src\\Illuminate\\Pipeline\\Pipeline.php(144): Illuminate\\Routing\\Router->Illuminate\\Routing\\{closure}(Object(Illuminate\\Http\\Request))
#13 D:\\Semester 3\\PAW\\Modul 12\\modul12\\vendor\\laravel\\framework\\src\\Illuminate\\Routing\\Middleware\\SubstituteBindings.php(50): Illuminate\\Pipeline\\Pipeline->Illuminate\\Pipeline\\{closure}(Object(Illuminate\\Http\\Request))
#14 D:\\Semester 3\\PAW\\Modul 12\\modul12\\vendor\\laravel\\framework\\src\\Illuminate\\Pipeline\\Pipeline.php(183): Illuminate\\Routing\\Middleware\\SubstituteBindings->handle(Object(Illuminate\\Http\\Request), Object(Closure))
#15 D:\\Semester 3\\PAW\\Modul 12\\modul12\\vendor\\laravel\\framework\\src\\Illuminate\\Foundation\\Http\\Middleware\\VerifyCsrfToken.php(78): Illuminate\\Pipeline\\Pipeline->Illuminate\\Pipeline\\{closure}(Object(Illuminate\\Http\\Request))
#16 D:\\Semester 3\\PAW\\Modul 12\\modul12\\vendor\\laravel\\framework\\src\\Illuminate\\Pipeline\\Pipeline.php(183): Illuminate\\Foundation\\Http\\Middleware\\VerifyCsrfToken->handle(Object(Illuminate\\Http\\Request), Object(Closure))
#17 D:\\Semester 3\\PAW\\Modul 12\\modul12\\vendor\\laravel\\framework\\src\\Illuminate\\View\\Middleware\\ShareErrorsFromSession.php(49): Illuminate\\Pipeline\\Pipeline->Illuminate\\Pipeline\\{closure}(Object(Illuminate\\Http\\Request))
#18 D:\\Semester 3\\PAW\\Modul 12\\modul12\\vendor\\laravel\\framework\\src\\Illuminate\\Pipeline\\Pipeline.php(183): Illuminate\\View\\Middleware\\ShareErrorsFromSession->handle(Object(Illuminate\\Http\\Request), Object(Closure))
#19 D:\\Semester 3\\PAW\\Modul 12\\modul12\\vendor\\laravel\\framework\\src\\Illuminate\\Session\\Middleware\\StartSession.php(121): Illuminate\\Pipeline\\Pipeline->Illuminate\\Pipeline\\{closure}(Object(Illuminate\\Http\\Request))
#20 D:\\Semester 3\\PAW\\Modul 12\\modul12\\vendor\\laravel\\framework\\src\\Illuminate\\Session\\Middleware\\StartSession.php(64): Illuminate\\Session\\Middleware\\StartSession->handleStatefulRequest(Object(Illuminate\\Http\\Request), Object(Illuminate\\Session\\Store), Object(Closure))
#21 D:\\Semester 3\\PAW\\Modul 12\\modul12\\vendor\\laravel\\framework\\src\\Illuminate\\Pipeline\\Pipeline.php(183): Illuminate\\Session\\Middleware\\StartSession->handle(Object(Illuminate\\Http\\Request), Object(Closure))
#22 D:\\Semester 3\\PAW\\Modul 12\\modul12\\vendor\\laravel\\framework\\src\\Illuminate\\Cookie\\Middleware\\AddQueuedCookiesToResponse.php(37): Illuminate\\Pipeline\\Pipeline->Illuminate\\Pipeline\\{closure}(Object(Illuminate\\Http\\Request))
#23 D:\\Semester 3\\PAW\\Modul 12\\modul12\\vendor\\laravel\\framework\\src\\Illuminate\\Pipeline\\Pipeline.php(183): Illuminate\\Cookie\\Middleware\\AddQueuedCookiesToResponse->handle(Object(Illuminate\\Http\\Request), Object(Closure))
#24 D:\\Semester 3\\PAW\\Modul 12\\modul12\\vendor\\laravel\\framework\\src\\Illuminate\\Cookie\\Middleware\\EncryptCookies.php(67): Illuminate\\Pipeline\\Pipeline->Illuminate\\Pipeline\\{closure}(Object(Illuminate\\Http\\Request))
#25 D:\\Semester 3\\PAW\\Modul 12\\modul12\\vendor\\laravel\\framework\\src\\Illuminate\\Pipeline\\Pipeline.php(183): Illuminate\\Cookie\\Middleware\\EncryptCookies->handle(Object(Illuminate\\Http\\Request), Object(Closure))
#26 D:\\Semester 3\\PAW\\Modul 12\\modul12\\vendor\\laravel\\framework\\src\\Illuminate\\Pipeline\\Pipeline.php(119): Illuminate\\Pipeline\\Pipeline->Illuminate\\Pipeline\\{closure}(Object(Illuminate\\Http\\Request))
#27 D:\\Semester 3\\PAW\\Modul 12\\modul12\\vendor\\laravel\\framework\\src\\Illuminate\\Routing\\Router.php(805): Illuminate\\Pipeline\\Pipeline->then(Object(Closure))
#28 D:\\Semester 3\\PAW\\Modul 12\\modul12\\vendor\\laravel\\framework\\src\\Illuminate\\Routing\\Router.php(784): Illuminate\\Routing\\Router->runRouteWithinStack(Object(Illuminate\\Routing\\Route), Object(Illuminate\\Http\\Request))
#29 D:\\Semester 3\\PAW\\Modul 12\\modul12\\vendor\\laravel\\framework\\src\\Illuminate\\Routing\\Router.php(748): Illuminate\\Routing\\Router->runRoute(Object(Illuminate\\Http\\Request), Object(Illuminate\\Routing\\Route))
#30 D:\\Semester 3\\PAW\\Modul 12\\modul12\\vendor\\laravel\\framework\\src\\Illuminate\\Routing\\Router.php(737): Illuminate\\Routing\\Router->dispatchToRoute(Object(Illuminate\\Http\\Request))
#31 D:\\Semester 3\\PAW\\Modul 12\\modul12\\vendor\\laravel\\framework\\src\\Illuminate\\Foundation\\Http\\Kernel.php(200): Illuminate\\Routing\\Router->dispatch(Object(Illuminate\\Http\\Request))
#32 D:\\Semester 3\\PAW\\Modul 12\\modul12\\vendor\\laravel\\framework\\src\\Illuminate\\Pipeline\\Pipeline.php(144): Illuminate\\Foundation\\Http\\Kernel->Illuminate\\Foundation\\Http\\{closure}(Object(Illuminate\\Http\\Request))
#33 D:\\Semester 3\\PAW\\Modul 12\\modul12\\vendor\\laravel\\framework\\src\\Illuminate\\Foundation\\Http\\Middleware\\TransformsRequest.php(21): Illuminate\\Pipeline\\Pipeline->Illuminate\\Pipeline\\{closure}(Object(Illuminate\\Http\\Request))
#34 D:\\Semester 3\\PAW\\Modul 12\\modul12\\vendor\\laravel\\framework\\src\\Illuminate\\Foundation\\Http\\Middleware\\ConvertEmptyStringsToNull.php(31): Illuminate\\Foundation\\Http\\Middleware\\TransformsRequest->handle(Object(Illuminate\\Http\\Request), Object(Closure))
#35 D:\\Semester 3\\PAW\\Modul 12\\modul12\\vendor\\laravel\\framework\\src\\Illuminate\\Pipeline\\Pipeline.php(183): Illuminate\\Foundation\\Http\\Middleware\\ConvertEmptyStringsToNull->handle(Object(Illuminate\\Http\\Request), Object(Closure))
#36 D:\\Semester 3\\PAW\\Modul 12\\modul12\\vendor\\laravel\\framework\\src\\Illuminate\\Foundation\\Http\\Middleware\\TransformsRequest.php(21): Illuminate\\Pipeline\\Pipeline->Illuminate\\Pipeline\\{closure}(Object(Illuminate\\Http\\Request))
#37 D:\\Semester 3\\PAW\\Modul 12\\modul12\\vendor\\laravel\\framework\\src\\Illuminate\\Foundation\\Http\\Middleware\\TrimStrings.php(40): Illuminate\\Foundation\\Http\\Middleware\\TransformsRequest->handle(Object(Illuminate\\Http\\Request), Object(Closure))
#38 D:\\Semester 3\\PAW\\Modul 12\\modul12\\vendor\\laravel\\framework\\src\\Illuminate\\Pipeline\\Pipeline.php(183): Illuminate\\Foundation\\Http\\Middleware\\TrimStrings->handle(Object(Illuminate\\Http\\Request), Object(Closure))
#39 D:\\Semester 3\\PAW\\Modul 12\\modul12\\vendor\\laravel\\framework\\src\\Illuminate\\Foundation\\Http\\Middleware\\ValidatePostSize.php(27): Illuminate\\Pipeline\\Pipeline->Illuminate\\Pipeline\\{closure}(Object(Illuminate\\Http\\Request))
#40 D:\\Semester 3\\PAW\\Modul 12\\modul12\\vendor\\laravel\\framework\\src\\Illuminate\\Pipeline\\Pipeline.php(183): Illuminate\\Foundation\\Http\\Middleware\\ValidatePostSize->handle(Object(Illuminate\\Http\\Request), Object(Closure))
#41 D:\\Semester 3\\PAW\\Modul 12\\modul12\\vendor\\laravel\\framework\\src\\Illuminate\\Foundation\\Http\\Middleware\\PreventRequestsDuringMaintenance.php(99): Illuminate\\Pipeline\\Pipeline->Illuminate\\Pipeline\\{closure}(Object(Illuminate\\Http\\Request))
#42 D:\\Semester 3\\PAW\\Modul 12\\modul12\\vendor\\laravel\\framework\\src\\Illuminate\\Pipeline\\Pipeline.php(183): Illuminate\\Foundation\\Http\\Middleware\\PreventRequestsDuringMaintenance->handle(Object(Illuminate\\Http\\Request), Object(Closure))
#43 D:\\Semester 3\\PAW\\Modul 12\\modul12\\vendor\\laravel\\framework\\src\\Illuminate\\Http\\Middleware\\HandleCors.php(49): Illuminate\\Pipeline\\Pipeline->Illuminate\\Pipeline\\{closure}(Object(Illuminate\\Http\\Request))
#44 D:\\Semester 3\\PAW\\Modul 12\\modul12\\vendor\\laravel\\framework\\src\\Illuminate\\Pipeline\\Pipeline.php(183): Illuminate\\Http\\Middleware\\HandleCors->handle(Object(Illuminate\\Http\\Request), Object(Closure))
#45 D:\\Semester 3\\PAW\\Modul 12\\modul12\\vendor\\laravel\\framework\\src\\Illuminate\\Http\\Middleware\\TrustProxies.php(39): Illuminate\\Pipeline\\Pipeline->Illuminate\\Pipeline\\{closure}(Object(Illuminate\\Http\\Request))
#46 D:\\Semester 3\\PAW\\Modul 12\\modul12\\vendor\\laravel\\framework\\src\\Illuminate\\Pipeline\\Pipeline.php(183): Illuminate\\Http\\Middleware\\TrustProxies->handle(Object(Illuminate\\Http\\Request), Object(Closure))
#47 D:\\Semester 3\\PAW\\Modul 12\\modul12\\vendor\\laravel\\framework\\src\\Illuminate\\Pipeline\\Pipeline.php(119): Illuminate\\Pipeline\\Pipeline->Illuminate\\Pipeline\\{closure}(Object(Illuminate\\Http\\Request))
#48 D:\\Semester 3\\PAW\\Modul 12\\modul12\\vendor\\laravel\\framework\\src\\Illuminate\\Foundation\\Http\\Kernel.php(175): Illuminate\\Pipeline\\Pipeline->then(Object(Closure))
#49 D:\\Semester 3\\PAW\\Modul 12\\modul12\\vendor\\laravel\\framework\\src\\Illuminate\\Foundation\\Http\\Kernel.php(144): Illuminate\\Foundation\\Http\\Kernel->sendRequestThroughRouter(Object(Illuminate\\Http\\Request))
#50 D:\\Semester 3\\PAW\\Modul 12\\modul12\\public\\index.php(51): Illuminate\\Foundation\\Http\\Kernel->handle(Object(Illuminate\\Http\\Request))
#51 D:\\Semester 3\\PAW\\Modul 12\\modul12\\vendor\\laravel\\framework\\src\\Illuminate\\Foundation\\resources\\server.php(16): require_once('D:\\\\Semester 3\\\\P...')
#52 {main}

[previous exception] [object] (PDOException(code: 2002): SQLSTATE[HY000] [2002] No connection could be made because the target machine actively refused it at D:\\Semester 3\\PAW\\Modul 12\\modul12\\vendor\\laravel\\framework\\src\\Illuminate\\Database\\Connectors\\Connector.php:65)
[stacktrace]
#0 D:\\Semester 3\\PAW\\Modul 12\\modul12\\vendor\\laravel\\framework\\src\\Illuminate\\Database\\Connectors\\Connector.php(65): PDO->__construct('mysql:host=127....', 'root', Object(SensitiveParameterValue), Array)
#1 D:\\Semester 3\\PAW\\Modul 12\\modul12\\vendor\\laravel\\framework\\src\\Illuminate\\Database\\Connectors\\Connector.php(83): Illuminate\\Database\\Connectors\\Connector->createPdoConnection('mysql:host=127....', 'root', '', Array)
#2 D:\\Semester 3\\PAW\\Modul 12\\modul12\\vendor\\laravel\\framework\\src\\Illuminate\\Database\\Connectors\\Connector.php(48): Illuminate\\Database\\Connectors\\Connector->tryAgainIfCausedByLostConnection(Object(PDOException), 'mysql:host=127....', 'root', '', Array)
#3 D:\\Semester 3\\PAW\\Modul 12\\modul12\\vendor\\laravel\\framework\\src\\Illuminate\\Database\\Connectors\\MySqlConnector.php(24): Illuminate\\Database\\Connectors\\Connector->createConnection('mysql:host=127....', Array, Array)
#4 D:\\Semester 3\\PAW\\Modul 12\\modul12\\vendor\\laravel\\framework\\src\\Illuminate\\Database\\Connectors\\ConnectionFactory.php(184): Illuminate\\Database\\Connectors\\MySqlConnector->connect(Array)
#5 [internal function]: Illuminate\\Database\\Connectors\\ConnectionFactory->Illuminate\\Database\\Connectors\\{closure}()
#6 D:\\Semester 3\\PAW\\Modul 12\\modul12\\vendor\\laravel\\framework\\src\\Illuminate\\Database\\Connection.php(1339): call_user_func(Object(Closure))
#7 D:\\Semester 3\\PAW\\Modul 12\\modul12\\vendor\\laravel\\framework\\src\\Illuminate\\Database\\Connection.php(1375): Illuminate\\Database\\Connection->getPdo()
#8 D:\\Semester 3\\PAW\\Modul 12\\modul12\\vendor\\laravel\\framework\\src\\Illuminate\\Database\\Connection.php(528): Illuminate\\Database\\Connection->getReadPdo()
#9 D:\\Semester 3\\PAW\\Modul 12\\modul12\\vendor\\laravel\\framework\\src\\Illuminate\\Database\\Connection.php(423): Illuminate\\Database\\Connection->getPdoForSelect(true)
#10 D:\\Semester 3\\PAW\\Modul 12\\modul12\\vendor\\laravel\\framework\\src\\Illuminate\\Database\\Connection.php(816): Illuminate\\Database\\Connection->Illuminate\\Database\\{closure}('\\n            se...', Array)
#11 D:\\Semester 3\\PAW\\Modul 12\\modul12\\vendor\\laravel\\framework\\src\\Illuminate\\Database\\Connection.php(983): Illuminate\\Database\\Connection->runQueryCallback('\\n            se...', Array, Object(Closure))
#12 D:\\Semester 3\\PAW\\Modul 12\\modul12\\vendor\\laravel\\framework\\src\\Illuminate\\Database\\Connection.php(962): Illuminate\\Database\\Connection->tryAgainIfCausedByLostConnection(Object(Illuminate\\Database\\QueryException), '\\n            se...', Array, Object(Closure))
#13 D:\\Semester 3\\PAW\\Modul 12\\modul12\\vendor\\laravel\\framework\\src\\Illuminate\\Database\\Connection.php(785): Illuminate\\Database\\Connection->handleQueryException(Object(Illuminate\\Database\\QueryException), '\\n            se...', Array, Object(Closure))
#14 D:\\Semester 3\\PAW\\Modul 12\\modul12\\vendor\\laravel\\framework\\src\\Illuminate\\Database\\Connection.php(414): Illuminate\\Database\\Connection->run('\\n            se...', Array, Object(Closure))
#15 D:\\Semester 3\\PAW\\Modul 12\\modul12\\vendor\\laravel\\framework\\src\\Illuminate\\Database\\DatabaseManager.php(509): Illuminate\\Database\\Connection->select('\\n            se...')
#16 D:\\Semester 3\\PAW\\Modul 12\\modul12\\vendor\\laravel\\framework\\src\\Illuminate\\Support\\Facades\\Facade.php(355): Illuminate\\Database\\DatabaseManager->__call('select', Array)
#17 D:\\Semester 3\\PAW\\Modul 12\\modul12\\app\\Http\\Controllers\\EmployeeController.php(19): Illuminate\\Support\\Facades\\Facade::__callStatic('select', Array)
#18 D:\\Semester 3\\PAW\\Modul 12\\modul12\\vendor\\laravel\\framework\\src\\Illuminate\\Routing\\Controller.php(54): App\\Http\\Controllers\\EmployeeController->index()
#19 D:\\Semester 3\\PAW\\Modul 12\\modul12\\vendor\\laravel\\framework\\src\\Illuminate\\Routing\\ControllerDispatcher.php(43): Illuminate\\Routing\\Controller->callAction('index', Array)
#20 D:\\Semester 3\\PAW\\Modul 12\\modul12\\vendor\\laravel\\framework\\src\\Illuminate\\Routing\\Route.php(259): Illuminate\\Routing\\ControllerDispatcher->dispatch(Object(Illuminate\\Routing\\Route), Object(App\\Http\\Controllers\\EmployeeController), 'index')
#21 D:\\Semester 3\\PAW\\Modul 12\\modul12\\vendor\\laravel\\framework\\src\\Illuminate\\Routing\\Route.php(205): Illuminate\\Routing\\Route->runController()
#22 D:\\Semester 3\\PAW\\Modul 12\\modul12\\vendor\\laravel\\framework\\src\\Illuminate\\Routing\\Router.php(806): Illuminate\\Routing\\Route->run()
#23 D:\\Semester 3\\PAW\\Modul 12\\modul12\\vendor\\laravel\\framework\\src\\Illuminate\\Pipeline\\Pipeline.php(144): Illuminate\\Routing\\Router->Illuminate\\Routing\\{closure}(Object(Illuminate\\Http\\Request))
#24 D:\\Semester 3\\PAW\\Modul 12\\modul12\\vendor\\laravel\\framework\\src\\Illuminate\\Routing\\Middleware\\SubstituteBindings.php(50): Illuminate\\Pipeline\\Pipeline->Illuminate\\Pipeline\\{closure}(Object(Illuminate\\Http\\Request))
#25 D:\\Semester 3\\PAW\\Modul 12\\modul12\\vendor\\laravel\\framework\\src\\Illuminate\\Pipeline\\Pipeline.php(183): Illuminate\\Routing\\Middleware\\SubstituteBindings->handle(Object(Illuminate\\Http\\Request), Object(Closure))
#26 D:\\Semester 3\\PAW\\Modul 12\\modul12\\vendor\\laravel\\framework\\src\\Illuminate\\Foundation\\Http\\Middleware\\VerifyCsrfToken.php(78): Illuminate\\Pipeline\\Pipeline->Illuminate\\Pipeline\\{closure}(Object(Illuminate\\Http\\Request))
#27 D:\\Semester 3\\PAW\\Modul 12\\modul12\\vendor\\laravel\\framework\\src\\Illuminate\\Pipeline\\Pipeline.php(183): Illuminate\\Foundation\\Http\\Middleware\\VerifyCsrfToken->handle(Object(Illuminate\\Http\\Request), Object(Closure))
#28 D:\\Semester 3\\PAW\\Modul 12\\modul12\\vendor\\laravel\\framework\\src\\Illuminate\\View\\Middleware\\ShareErrorsFromSession.php(49): Illuminate\\Pipeline\\Pipeline->Illuminate\\Pipeline\\{closure}(Object(Illuminate\\Http\\Request))
#29 D:\\Semester 3\\PAW\\Modul 12\\modul12\\vendor\\laravel\\framework\\src\\Illuminate\\Pipeline\\Pipeline.php(183): Illuminate\\View\\Middleware\\ShareErrorsFromSession->handle(Object(Illuminate\\Http\\Request), Object(Closure))
#30 D:\\Semester 3\\PAW\\Modul 12\\modul12\\vendor\\laravel\\framework\\src\\Illuminate\\Session\\Middleware\\StartSession.php(121): Illuminate\\Pipeline\\Pipeline->Illuminate\\Pipeline\\{closure}(Object(Illuminate\\Http\\Request))
#31 D:\\Semester 3\\PAW\\Modul 12\\modul12\\vendor\\laravel\\framework\\src\\Illuminate\\Session\\Middleware\\StartSession.php(64): Illuminate\\Session\\Middleware\\StartSession->handleStatefulRequest(Object(Illuminate\\Http\\Request), Object(Illuminate\\Session\\Store), Object(Closure))
#32 D:\\Semester 3\\PAW\\Modul 12\\modul12\\vendor\\laravel\\framework\\src\\Illuminate\\Pipeline\\Pipeline.php(183): Illuminate\\Session\\Middleware\\StartSession->handle(Object(Illuminate\\Http\\Request), Object(Closure))
#33 D:\\Semester 3\\PAW\\Modul 12\\modul12\\vendor\\laravel\\framework\\src\\Illuminate\\Cookie\\Middleware\\AddQueuedCookiesToResponse.php(37): Illuminate\\Pipeline\\Pipeline->Illuminate\\Pipeline\\{closure}(Object(Illuminate\\Http\\Request))
#34 D:\\Semester 3\\PAW\\Modul 12\\modul12\\vendor\\laravel\\framework\\src\\Illuminate\\Pipeline\\Pipeline.php(183): Illuminate\\Cookie\\Middleware\\AddQueuedCookiesToResponse->handle(Object(Illuminate\\Http\\Request), Object(Closure))
#35 D:\\Semester 3\\PAW\\Modul 12\\modul12\\vendor\\laravel\\framework\\src\\Illuminate\\Cookie\\Middleware\\EncryptCookies.php(67): Illuminate\\Pipeline\\Pipeline->Illuminate\\Pipeline\\{closure}(Object(Illuminate\\Http\\Request))
#36 D:\\Semester 3\\PAW\\Modul 12\\modul12\\vendor\\laravel\\framework\\src\\Illuminate\\Pipeline\\Pipeline.php(183): Illuminate\\Cookie\\Middleware\\EncryptCookies->handle(Object(Illuminate\\Http\\Request), Object(Closure))
#37 D:\\Semester 3\\PAW\\Modul 12\\modul12\\vendor\\laravel\\framework\\src\\Illuminate\\Pipeline\\Pipeline.php(119): Illuminate\\Pipeline\\Pipeline->Illuminate\\Pipeline\\{closure}(Object(Illuminate\\Http\\Request))
#38 D:\\Semester 3\\PAW\\Modul 12\\modul12\\vendor\\laravel\\framework\\src\\Illuminate\\Routing\\Router.php(805): Illuminate\\Pipeline\\Pipeline->then(Object(Closure))
#39 D:\\Semester 3\\PAW\\Modul 12\\modul12\\vendor\\laravel\\framework\\src\\Illuminate\\Routing\\Router.php(784): Illuminate\\Routing\\Router->runRouteWithinStack(Object(Illuminate\\Routing\\Route), Object(Illuminate\\Http\\Request))
#40 D:\\Semester 3\\PAW\\Modul 12\\modul12\\vendor\\laravel\\framework\\src\\Illuminate\\Routing\\Router.php(748): Illuminate\\Routing\\Router->runRoute(Object(Illuminate\\Http\\Request), Object(Illuminate\\Routing\\Route))
#41 D:\\Semester 3\\PAW\\Modul 12\\modul12\\vendor\\laravel\\framework\\src\\Illuminate\\Routing\\Router.php(737): Illuminate\\Routing\\Router->dispatchToRoute(Object(Illuminate\\Http\\Request))
#42 D:\\Semester 3\\PAW\\Modul 12\\modul12\\vendor\\laravel\\framework\\src\\Illuminate\\Foundation\\Http\\Kernel.php(200): Illuminate\\Routing\\Router->dispatch(Object(Illuminate\\Http\\Request))
#43 D:\\Semester 3\\PAW\\Modul 12\\modul12\\vendor\\laravel\\framework\\src\\Illuminate\\Pipeline\\Pipeline.php(144): Illuminate\\Foundation\\Http\\Kernel->Illuminate\\Foundation\\Http\\{closure}(Object(Illuminate\\Http\\Request))
#44 D:\\Semester 3\\PAW\\Modul 12\\modul12\\vendor\\laravel\\framework\\src\\Illuminate\\Foundation\\Http\\Middleware\\TransformsRequest.php(21): Illuminate\\Pipeline\\Pipeline->Illuminate\\Pipeline\\{closure}(Object(Illuminate\\Http\\Request))
#45 D:\\Semester 3\\PAW\\Modul 12\\modul12\\vendor\\laravel\\framework\\src\\Illuminate\\Foundation\\Http\\Middleware\\ConvertEmptyStringsToNull.php(31): Illuminate\\Foundation\\Http\\Middleware\\TransformsRequest->handle(Object(Illuminate\\Http\\Request), Object(Closure))
#46 D:\\Semester 3\\PAW\\Modul 12\\modul12\\vendor\\laravel\\framework\\src\\Illuminate\\Pipeline\\Pipeline.php(183): Illuminate\\Foundation\\Http\\Middleware\\ConvertEmptyStringsToNull->handle(Object(Illuminate\\Http\\Request), Object(Closure))
#47 D:\\Semester 3\\PAW\\Modul 12\\modul12\\vendor\\laravel\\framework\\src\\Illuminate\\Foundation\\Http\\Middleware\\TransformsRequest.php(21): Illuminate\\Pipeline\\Pipeline->Illuminate\\Pipeline\\{closure}(Object(Illuminate\\Http\\Request))
#48 D:\\Semester 3\\PAW\\Modul 12\\modul12\\vendor\\laravel\\framework\\src\\Illuminate\\Foundation\\Http\\Middleware\\TrimStrings.php(40): Illuminate\\Foundation\\Http\\Middleware\\TransformsRequest->handle(Object(Illuminate\\Http\\Request), Object(Closure))
#49 D:\\Semester 3\\PAW\\Modul 12\\modul12\\vendor\\laravel\\framework\\src\\Illuminate\\Pipeline\\Pipeline.php(183): Illuminate\\Foundation\\Http\\Middleware\\TrimStrings->handle(Object(Illuminate\\Http\\Request), Object(Closure))
#50 D:\\Semester 3\\PAW\\Modul 12\\modul12\\vendor\\laravel\\framework\\src\\Illuminate\\Foundation\\Http\\Middleware\\ValidatePostSize.php(27): Illuminate\\Pipeline\\Pipeline->Illuminate\\Pipeline\\{closure}(Object(Illuminate\\Http\\Request))
#51 D:\\Semester 3\\PAW\\Modul 12\\modul12\\vendor\\laravel\\framework\\src\\Illuminate\\Pipeline\\Pipeline.php(183): Illuminate\\Foundation\\Http\\Middleware\\ValidatePostSize->handle(Object(Illuminate\\Http\\Request), Object(Closure))
#52 D:\\Semester 3\\PAW\\Modul 12\\modul12\\vendor\\laravel\\framework\\src\\Illuminate\\Foundation\\Http\\Middleware\\PreventRequestsDuringMaintenance.php(99): Illuminate\\Pipeline\\Pipeline->Illuminate\\Pipeline\\{closure}(Object(Illuminate\\Http\\Request))
#53 D:\\Semester 3\\PAW\\Modul 12\\modul12\\vendor\\laravel\\framework\\src\\Illuminate\\Pipeline\\Pipeline.php(183): Illuminate\\Foundation\\Http\\Middleware\\PreventRequestsDuringMaintenance->handle(Object(Illuminate\\Http\\Request), Object(Closure))
#54 D:\\Semester 3\\PAW\\Modul 12\\modul12\\vendor\\laravel\\framework\\src\\Illuminate\\Http\\Middleware\\HandleCors.php(49): Illuminate\\Pipeline\\Pipeline->Illuminate\\Pipeline\\{closure}(Object(Illuminate\\Http\\Request))
#55 D:\\Semester 3\\PAW\\Modul 12\\modul12\\vendor\\laravel\\framework\\src\\Illuminate\\Pipeline\\Pipeline.php(183): Illuminate\\Http\\Middleware\\HandleCors->handle(Object(Illuminate\\Http\\Request), Object(Closure))
#56 D:\\Semester 3\\PAW\\Modul 12\\modul12\\vendor\\laravel\\framework\\src\\Illuminate\\Http\\Middleware\\TrustProxies.php(39): Illuminate\\Pipeline\\Pipeline->Illuminate\\Pipeline\\{closure}(Object(Illuminate\\Http\\Request))
#57 D:\\Semester 3\\PAW\\Modul 12\\modul12\\vendor\\laravel\\framework\\src\\Illuminate\\Pipeline\\Pipeline.php(183): Illuminate\\Http\\Middleware\\TrustProxies->handle(Object(Illuminate\\Http\\Request), Object(Closure))
#58 D:\\Semester 3\\PAW\\Modul 12\\modul12\\vendor\\laravel\\framework\\src\\Illuminate\\Pipeline\\Pipeline.php(119): Illuminate\\Pipeline\\Pipeline->Illuminate\\Pipeline\\{closure}(Object(Illuminate\\Http\\Request))
#59 D:\\Semester 3\\PAW\\Modul 12\\modul12\\vendor\\laravel\\framework\\src\\Illuminate\\Foundation\\Http\\Kernel.php(175): Illuminate\\Pipeline\\Pipeline->then(Object(Closure))
#60 D:\\Semester 3\\PAW\\Modul 12\\modul12\\vendor\\laravel\\framework\\src\\Illuminate\\Foundation\\Http\\Kernel.php(144): Illuminate\\Foundation\\Http\\Kernel->sendRequestThroughRouter(Object(Illuminate\\Http\\Request))
#61 D:\\Semester 3\\PAW\\Modul 12\\modul12\\public\\index.php(51): Illuminate\\Foundation\\Http\\Kernel->handle(Object(Illuminate\\Http\\Request))
#62 D:\\Semester 3\\PAW\\Modul 12\\modul12\\vendor\\laravel\\framework\\src\\Illuminate\\Foundation\\resources\\server.php(16): require_once('D:\\\\Semester 3\\\\P...')
#63 {main}
"} 
